0 0 0
-0.994302849763 -0.098394286425 -0.040992771945 1.059827731125
-0.094219436823 0.991135817966 -0.093661561325 0.154631158094
0.049845167044 -0.089265641453 -0.994759822559 4.095960266347
0.000000000000 0.000000000000 0.000000000000 1.000000000000
1 1 0
-0.989690770340 -0.103033389885 -0.099480147130 1.001527387868
-0.093151370126 0.990683705382 -0.099340918726 0.154977847018
0.108788792381 -0.089050078374 -0.990068220980 4.105216840736
0.000000000000 0.000000000000 0.000000000000 1.000000000000
2 2 0
-0.990495280041 -0.106528986737 -0.087009627061 0.991504256297
-0.098552597313 0.990931508956 -0.091335262196 0.150783644466
0.095950433972 -0.081892121369 -0.992011690797 4.154596993271
0.000000000000 0.000000000000 0.000000000000 1.000000000000
3 3 0
-0.987337406063 -0.108860849678 -0.115387009650 1.018686770882
-0.097957638915 0.990520466925 -0.096299042468 0.145240548534
0.124776390262 -0.083776607770 -0.988641660271 4.356831184533
0.000000000000 0.000000000000 0.000000000000 1.000000000000
4 4 0
-0.989288467322 -0.111013306627 -0.094785938704 0.907631169375
-0.101802751053 0.990060733390 -0.097035787616 0.121785883221
0.104616099633 -0.086346916284 -0.990757125508 4.571420578546
0.000000000000 0.000000000000 0.000000000000 1.000000000000
5 5 0
-0.988787558494 -0.111842187303 -0.098946901453 0.896956826877
-0.101972261691 0.989773893979 -0.099746161041 0.115278761184
0.109090888775 -0.088537923716 -0.990080912881 4.779019259452
0.000000000000 0.000000000000 0.000000000000 1.000000000000
6 6 0
-0.993967827910 -0.109664630446 0.001275111286 0.770288788260
-0.109328617560 0.989868975339 -0.090590645453 0.097711520603
0.008672396554 -0.090183593244 -0.995887397775 4.900992515511
0.000000000000 0.000000000000 0.000000000000 1.000000000000
7 7 0
-0.986595440868 -0.103602743246 0.126078973862 0.743999352075
-0.113793353692 0.990555611693 -0.076489560071 0.104181764394
-0.116963706822 -0.089811200505 -0.989066954028 5.043343426392
0.000000000000 0.000000000000 0.000000000000 1.000000000000
8 8 0
-0.957635388256 -0.094180133042 0.272148058417 0.642532781103
-0.114028775263 0.991781390348 -0.058026822868 0.092304290435
-0.264446405860 -0.086601248838 -0.960504202035 5.081062332561
0.000000000000 0.000000000000 0.000000000000 1.000000000000
9 9 0
-0.961635206815 -0.085713724157 0.260597172864 0.602610232831
-0.107073740767 0.991862340287 -0.068878966003 0.101581464327
-0.252572649056 -0.094139552850 -0.962987435815 5.049966349434
0.000000000000 0.000000000000 0.000000000000 1.000000000000
10 10 0
-0.990922419269 -0.084152732869 0.104838335266 0.517158865338
-0.094229908854 0.990988681577 -0.095195363666 0.109570864897
-0.095882653635 -0.104210126844 -0.989922606164 5.038978301070
0.000000000000 0.000000000000 0.000000000000 1.000000000000
11 11 0
-0.995811820186 -0.089208904924 -0.020014746081 0.316856622551
-0.086438023790 0.989964358138 -0.111799095078 0.089999772797
0.029787360101 -0.109600825266 -0.993529250842 4.928696584764
0.000000000000 0.000000000000 0.000000000000 1.000000000000
12 12 0
-0.975554086231 -0.100817626319 -0.195269124698 0.117035213400
-0.075213295583 0.988071273457 -0.134380499837 0.070549709083
0.206487735725 -0.116408611332 -0.971499794237 4.844627926357
0.000000000000 0.000000000000 0.000000000000 1.000000000000
13 13 0
-0.929475759928 -0.115218685961 -0.350427547593 0.051361207448
-0.065670408668 0.986477656636 -0.150164011612 0.068630041402
0.362990646067 -0.116561088548 -0.924473527747 4.798056010712
0.000000000000 0.000000000000 0.000000000000 1.000000000000
14 14 0
-0.844789216930 -0.132141017595 -0.518526692108 0.007389838557
-0.052244807452 0.984767808221 -0.165839814239 0.065766841218
0.532542635902 -0.113009359619 -0.838824907585 4.809268896154
0.000000000000 0.000000000000 0.000000000000 1.000000000000
15 15 0
-0.812329668633 -0.139206529797 -0.566340932231 -0.158315247237
-0.055723897399 0.985178411068 -0.162229299521 0.049474885123
0.580530237556 -0.100224949122 -0.808046782592 4.715142201121
0.000000000000 0.000000000000 0.000000000000 1.000000000000
16 16 0
-0.786972996283 -0.143798252811 -0.599996304664 -0.420218118160
-0.056332960833 0.985145764570 -0.162217200300 0.003603181793
0.614410368276 -0.093860987839 -0.783383695463 4.686703340139
0.000000000000 0.000000000000 0.000000000000 1.000000000000
17 17 0
-0.794671784438 -0.145285461441 -0.589397056077 -0.639475786453
-0.063072201896 0.985443324074 -0.157871315905 -0.030630564202
0.603753801120 -0.088281310204 -0.792267478761 4.622868721292
0.000000000000 0.000000000000 0.000000000000 1.000000000000
18 18 0
-0.876839764445 -0.142820235793 -0.459079957889 -0.813259169375
-0.084781465550 0.985827899152 -0.144759995691 -0.116243208012
0.473248487146 -0.088009848889 -0.876521611777 4.530531523813
0.000000000000 0.000000000000 0.000000000000 1.000000000000
19 19 0
-0.975092289411 -0.130803915904 -0.179123875334 -0.907547619792
-0.110287805002 0.986616884438 -0.120098806862 -0.151190984469
0.192436034044 -0.097352241504 -0.976468593389 4.572002970326
0.000000000000 0.000000000000 0.000000000000 1.000000000000
20 20 0
-0.984722770302 -0.105381412276 0.138621151328 -0.986026327204
-0.117524260391 0.989635147866 -0.082524677086 -0.197050104898
-0.128487796573 -0.097555276923 -0.986901136931 4.551862452335
0.000000000000 0.000000000000 0.000000000000 1.000000000000
21 21 0
-0.861934358352 -0.074195852639 0.501561698442 -1.029991204696
-0.108125893389 0.993377239922 -0.038864513163 -0.204476958605
-0.495356389958 -0.087730465949 -0.864248466746 4.580521583110
0.000000000000 0.000000000000 0.000000000000 1.000000000000
22 22 0
-0.711220517062 -0.047114742560 0.701388321219 -1.071076447531
-0.081441144090 0.996555422699 -0.015640637421 -0.198208211425
-0.698235430323 -0.068245809565 -0.712607741551 4.530339960743
0.000000000000 0.000000000000 0.000000000000 1.000000000000
23 23 0
-0.510344850038 -0.025082385039 0.859603983239 -1.191421768359
-0.051348789625 0.998679874790 -0.001345174304 -0.187256817331
-0.858435458170 -0.044826126874 -0.510959081048 4.540416469364
0.000000000000 0.000000000000 0.000000000000 1.000000000000
24 24 0
-0.407674811903 -0.015368705501 0.912997837145 -1.335990362723
-0.027932787860 0.999600321742 0.004353864561 -0.199841905042
-0.912699845021 -0.023727613986 -0.407941163935 4.430692751446
0.000000000000 0.000000000000 0.000000000000 1.000000000000
25 25 0
-0.343553921116 -0.007855387633 0.939100099122 -1.518415114725
-0.015240491861 0.999879969129 0.002788322574 -0.214580443377
-0.939009281474 -0.013354408263 -0.343632404011 4.415248422609
0.000000000000 0.000000000000 0.000000000000 1.000000000000
26 26 0
-0.381165599003 -0.000657507967 0.924506546121 -1.690847322856
-0.012963396169 0.999905235758 -0.004633558329 -0.237753156005
-0.924415889357 -0.013750897654 -0.381138001671 4.330169506349
0.000000000000 0.000000000000 0.000000000000 1.000000000000
27 27 0
-0.322906885839 0.004585595342 0.946419629653 -1.859259895112
-0.013421593029 0.999865517034 -0.009423836094 -0.248245281822
-0.946335566233 -0.015745480670 -0.322801914369 4.306019263873
0.000000000000 0.000000000000 0.000000000000 1.000000000000
28 28 0
-0.318004008522 0.006048941928 0.948070071707 -2.059573489971
-0.013614046782 0.999847412474 -0.010945752527 -0.262949926673
-0.947991618262 -0.016387863488 -0.317873134498 4.253223241653
0.000000000000 0.000000000000 0.000000000000 1.000000000000
29 29 0
-0.288286164303 0.006626466094 0.957521371782 -2.279740543583
-0.014956627479 0.999822899676 -0.011422284279 -0.277409977012
-0.957427483816 -0.017614176983 -0.288135999145 4.187532609606
0.000000000000 0.000000000000 0.000000000000 1.000000000000
30 30 0
-0.278288723569 0.004745495291 0.960485745136 -2.500328337802
-0.015592425993 0.999833701077 -0.009457612976 -0.295180058121
-0.960370898448 -0.017608249941 -0.278168450670 4.153258728650
0.000000000000 0.000000000000 0.000000000000 1.000000000000
31 31 0
-0.239646523353 0.003015265082 0.970855525823 -2.693568639490
-0.014796174689 0.999867694826 -0.006757666610 -0.302914988033
-0.970747452770 -0.015984399267 -0.239570202489 4.073164493682
0.000000000000 0.000000000000 0.000000000000 1.000000000000
32 32 0
-0.275418903057 0.000522166097 0.961324167584 -2.875678559034
-0.016909029207 0.999842517296 -0.005387516839 -0.314499401069
-0.961175588834 -0.017738882405 -0.275366700021 3.996731168734
0.000000000000 0.000000000000 0.000000000000 1.000000000000
33 33 0
-0.206749285582 -0.003565619277 0.978387458664 -3.009476680861
-0.016975063003 0.999855911627 0.000056749873 -0.303867123703
-0.978246686755 -0.016596455757 -0.206780022025 3.880745447599
0.000000000000 0.000000000000 0.000000000000 1.000000000000
34 34 0
-0.147539285167 -0.009781662246 0.989007825255 -3.175044366789
-0.014460510092 0.999865547083 0.007731843526 -0.310816367755
-0.988950480550 -0.013160806971 -0.147660895905 3.810788064603
0.000000000000 0.000000000000 0.000000000000 1.000000000000
35 35 0
-0.030247430516 -0.019333465711 0.999355447301 -3.206237348631
-0.009298175126 0.999775101887 0.019060157021 -0.293043184577
-0.999499193039 -0.008715661187 -0.030420393876 3.647923439666
0.000000000000 0.000000000000 0.000000000000 1.000000000000
36 36 0
0.150431591425 -0.039136231621 0.987845479656 -3.320830498967
0.001613712286 0.999224528190 0.039341303949 -0.300091153872
-0.988619103717 -0.004324076574 0.150378090584 3.456526286135
0.000000000000 0.000000000000 0.000000000000 1.000000000000
37 37 0
0.288125054526 -0.050394097287 0.956265856294 -3.239220402994
0.012872114065 0.998727898187 0.048753400522 -0.302986558575
-0.957506272373 -0.001737913005 0.288407208691 3.208527397444
0.000000000000 0.000000000000 0.000000000000 1.000000000000
38 38 0
0.386134549068 -0.054208785739 0.920848259793 -3.303440421515
0.019628806278 0.998528578265 0.050550849174 -0.300937454178
-0.922233603801 -0.001444277248 0.386630436054 3.011814055445
0.000000000000 0.000000000000 0.000000000000 1.000000000000
39 39 0
0.449448450076 -0.058458627019 0.891391428976 -3.286670651568
0.023976793062 0.998286397526 0.053379601985 -0.303570678256
-0.892984436661 -0.002618671548 0.450079924503 2.826846130187
0.000000000000 0.000000000000 0.000000000000 1.000000000000
40 40 0
0.477792598663 -0.057203820705 0.876608210981 -3.399701282567
0.023174031878 0.998351088110 0.052517322055 -0.315190323593
-0.878166952754 -0.004777841154 0.478330403931 2.631358756440
0.000000000000 0.000000000000 0.000000000000 1.000000000000
41 41 0
0.445782779077 -0.052066526019 0.893625643515 -3.358474426024
0.020386518560 0.998638534856 0.048015274260 -0.321364903506
-0.894908991875 -0.003186466631 0.446237316560 2.452435612923
0.000000000000 0.000000000000 0.000000000000 1.000000000000
42 42 0
0.431090891635 -0.032381149083 0.901727289336 -3.448351410200
0.018341813661 0.999463839211 0.027122167716 -0.316821704887
-0.902122065477 0.004847194451 0.431453686605 2.353526369482
0.000000000000 0.000000000000 0.000000000000 1.000000000000
43 43 0
0.464817956972 0.008161288866 0.885368657814 -3.496544015384
0.021017126258 0.999574058606 -0.020248006484 -0.334427286673
-0.885156792484 0.028019541873 0.464448444925 2.218849447951
0.000000000000 0.000000000000 0.000000000000 1.000000000000
44 44 0
0.624001561561 0.019133128648 0.781188821322 -3.522206504727
0.027619694861 0.998535511956 -0.046518639465 -0.343914661871
-0.780934826746 0.050603900542 0.622559267560 2.068818579805
0.000000000000 0.000000000000 0.000000000000 1.000000000000
45 45 0
0.722963421417 0.009947592902 0.690814690556 -3.533178386875
0.039954955977 0.997620880236 -0.056179896858 -0.352638105031
-0.689730014416 0.068217480996 0.720845949216 1.914751367075
0.000000000000 0.000000000000 0.000000000000 1.000000000000
46 46 0
0.830135573061 -0.003355040516 0.557551499004 -3.422870052386
0.052315752666 0.996038950238 -0.071899037770 -0.344167445227
-0.555101785586 0.088854675242 0.827022886217 1.744904435856
0.000000000000 0.000000000000 0.000000000000 1.000000000000
47 47 0
0.858385692131 -0.013380653504 0.512830343931 -3.394163446942
0.064018941182 0.994639351802 -0.081204279545 -0.337238860172
-0.508994674544 0.102535447325 0.854640803688 1.542870390198
0.000000000000 0.000000000000 0.000000000000 1.000000000000
48 48 0
0.865136631614 -0.017749005253 0.501222087954 -3.268728303863
0.073934126421 0.992968477361 -0.092451868117 -0.326715460852
-0.496056804802 0.117040914985 0.860365661001 1.327833100261
0.000000000000 0.000000000000 0.000000000000 1.000000000000
49 49 0
0.865013517886 -0.020254234845 0.501339585357 -3.254896774227
0.080856361534 0.991752671601 -0.099442883968 -0.315607547054
-0.495190733631 0.126555933655 0.859517151069 1.102456616437
0.000000000000 0.000000000000 0.000000000000 1.000000000000
50 50 0
0.889690357842 -0.027466700730 0.455737476529 -3.132227126486
0.082504458877 0.991427591917 -0.101313100099 -0.363947083083
-0.449047972301 0.127737662172 0.884329694308 0.884955181822
0.000000000000 0.000000000000 0.000000000000 1.000000000000
51 51 0
0.900781152346 -0.034216677591 0.432923243258 -3.119796934967
0.086524803190 0.991044868634 -0.101703130663 -0.388494755655
-0.425566415511 0.129070861655 0.895675130089 0.629023934760
0.000000000000 0.000000000000 0.000000000000 1.000000000000
52 52 0
0.883938385465 -0.033702404355 0.466387262522 -3.028237525035
0.091015854978 0.990723727106 -0.100908922751 -0.360186394144
-0.458660053683 0.131645905705 0.878806184927 0.415917019250
0.000000000000 0.000000000000 0.000000000000 1.000000000000
53 53 0
0.864497214429 -0.034125148836 0.501477856402 -3.023398282645
0.092794533527 0.991378752102 -0.092505915641 -0.351929327188
-0.493997713347 0.126505510149 0.860210796904 0.200400882446
0.000000000000 0.000000000000 0.000000000000 1.000000000000
54 54 0
0.838051092103 -0.034297806817 0.544512651344 -2.878738921771
0.092644526031 0.992474277091 -0.080073722959 -0.338709822705
-0.537668446928 0.117551987476 0.834921655857 -0.034653897586
0.000000000000 0.000000000000 0.000000000000 1.000000000000
55 55 0
0.830881639564 -0.044452451223 0.554670785796 -2.869653905242
0.088255844479 0.994714070457 -0.052486416825 -0.333652044696
-0.549405685219 0.092562938674 0.830412846380 -0.260166167024
0.000000000000 0.000000000000 0.000000000000 1.000000000000
56 56 0
0.828062030054 -0.050773608254 0.558332620475 -2.819294619841
0.084568605180 0.995807437201 -0.034866875868 -0.314172712047
-0.554221458805 0.076089346953 0.828884181222 -0.467552695804
0.000000000000 0.000000000000 0.000000000000 1.000000000000
57 57 0
0.859129436145 -0.052127931739 0.509096543578 -2.828716843580
0.079156436482 0.996362482940 -0.031560436516 -0.304042852771
-0.505599515935 0.067412768243 0.860130599481 -0.727769462339
0.000000000000 0.000000000000 0.000000000000 1.000000000000
58 58 0
0.859055254111 -0.059792671643 0.508378704119 -2.847611405755
0.075827925594 0.997061725022 -0.010864722525 -0.286363675421
-0.506235316907 0.047882699519 0.861065067810 -1.006848984287
0.000000000000 0.000000000000 0.000000000000 1.000000000000
59 59 0
0.891794238594 -0.061572564453 0.448231921350 -2.870183909415
0.070806089902 0.997482658710 -0.003852687986 -0.286574483144
-0.446866348748 0.035173354669 0.893909000669 -1.260360502274
0.000000000000 0.000000000000 0.000000000000 1.000000000000
60 60 0
0.896350464875 -0.068838120672 0.437969356531 -2.867300324551
0.066994519752 0.997559223950 0.019680676704 -0.280524327908
-0.438255152213 0.011700762994 0.898774450963 -1.514253997503
0.000000000000 0.000000000000 0.000000000000 1.000000000000
61 61 0
0.926001236064 -0.066646754233 0.371591066845 -2.884893082168
0.062590626441 0.997774672984 0.022980762245 -0.278915284347
-0.372295748419 0.001977903409 0.928112042594 -1.746009387350
0.000000000000 0.000000000000 0.000000000000 1.000000000000
62 62 0
0.925885068907 -0.063765032433 0.372385364661 -2.915366753269
0.057930457044 0.997959529197 0.026848467968 -0.269903146785
-0.373337516628 -0.003286141243 0.927689764929 -1.959209992126
0.000000000000 0.000000000000 0.000000000000 1.000000000000
63 63 0
0.947099715832 -0.059904729508 0.315299146294 -2.805658435239
0.054452846109 0.998175682657 0.026080531116 -0.264208263626
-0.316286287755 -0.007531927717 0.948633888412 -2.103017076523
0.000000000000 0.000000000000 0.000000000000 1.000000000000
64 64 0
0.940752339836 -0.058414292952 0.334025156945 -2.762843435037
0.051989420292 0.998250797391 0.028150411837 -0.248970847829
-0.335085265673 -0.009116791531 0.942143698616 -2.316078026487
0.000000000000 0.000000000000 0.000000000000 1.000000000000
65 65 0
0.941931918070 -0.057885184924 0.330777216699 -2.630071986745
0.049068501642 0.998183719507 0.034950597381 -0.245865963311
-0.332199554286 -0.016690340828 0.943061444793 -2.540120747720
0.000000000000 0.000000000000 0.000000000000 1.000000000000
66 66 0
0.952024799794 -0.055319886381 0.300979219795 -2.608448623754
0.045740163401 0.998200023675 0.038788531641 -0.243336023854
-0.302583241488 -0.023160805376 0.952841518336 -2.779736316457
0.000000000000 0.000000000000 0.000000000000 1.000000000000
67 67 0
0.954126530821 -0.054698989251 0.294364712149 -2.487102529069
0.043738627613 0.998087024775 0.043694661356 -0.219223145514
-0.296191653559 -0.028815127128 0.954693769127 -2.963424060668
0.000000000000 0.000000000000 0.000000000000 1.000000000000
68 68 0
0.968950863338 -0.051870489548 0.241751270423 -2.369292669479
0.041389472166 0.997978029849 0.048236537320 -0.202601118847
-0.243764509375 -0.036732877002 0.969138565798 -3.169588712421
0.000000000000 0.000000000000 0.000000000000 1.000000000000
69 69 0
0.972054492405 -0.051633817729 0.229006577772 -2.217980692309
0.039609824049 0.997599679217 0.056797375516 -0.195938995094
-0.231389553858 -0.046139233776 0.971766456239 -3.285972607800
0.000000000000 0.000000000000 0.000000000000 1.000000000000
70 70 0
0.986633358483 -0.047044680320 0.156017351543 -2.100336012337
0.038431772082 0.997589869479 0.057770677746 -0.184171059879
-0.158359132428 -0.051002454511 0.986063453744 -3.449169832022
0.000000000000 0.000000000000 0.000000000000 1.000000000000
71 71 0
0.990645234515 -0.043865150863 0.129220230119 -1.994728320419
0.036240172640 0.997493067116 0.060780185444 -0.185032222407
-0.131562415679 -0.055528637615 0.989751434041 -3.650570135881
0.000000000000 0.000000000000 0.000000000000 1.000000000000
72 72 0
0.988701177169 -0.042732631703 0.143679867944 -1.831902560291
0.035699272546 0.998051219118 0.051179350889 -0.170625694155
-0.145586895716 -0.045471817706 0.988299939082 -3.862220953951
0.000000000000 0.000000000000 0.000000000000 1.000000000000
73 73 0
0.980382125750 -0.042609585110 0.192445604698 -1.761838946224
0.038367574359 0.998932699625 0.025717520450 -0.157145979293
-0.193336020308 -0.017829326320 0.980970589964 -4.081315538417
0.000000000000 0.000000000000 0.000000000000 1.000000000000
74 74 0
0.973562010596 -0.040937678195 0.224724538107 -1.627046199883
0.044524719229 0.998948650082 -0.010915304684 -0.153340852613
-0.224041426752 0.020632522937 0.974361194884 -4.306488281250
0.000000000000 0.000000000000 0.000000000000 1.000000000000
75 75 0
0.969195207732 -0.038942552734 0.243195655586 -1.603900532349
0.052060090854 0.997502012170 -0.047743927951 -0.142533010633
-0.240728885366 0.058933974094 0.968801522732 -4.504359425076
0.000000000000 0.000000000000 0.000000000000 1.000000000000
76 76 0
0.980593122138 -0.042383176664 0.191417854838 -1.475601515857
0.056660638883 0.995954835428 -0.069739069309 -0.205345833113
-0.187687774818 0.079231509658 0.979027919449 -4.643770140000
0.000000000000 0.000000000000 0.000000000000 1.000000000000
77 77 0
0.992736224899 -0.052427885998 0.108287139320 -1.442418864009
0.061432259503 0.994773153486 -0.081562556329 -0.234127489788
-0.103444986659 0.087622427907 0.990768108521 -4.851274541728
0.000000000000 0.000000000000 0.000000000000 1.000000000000
78 78 0
0.989162521113 -0.054807061124 0.136211941020 -1.294859651095
0.074538480524 0.986727270181 -0.144268184996 -0.171800965637
-0.126497121496 0.152857712700 0.980118869281 -4.911177229753
0.000000000000 0.000000000000 0.000000000000 1.000000000000
79 79 0
0.989332753163 -0.059025610513 0.133179130579 -1.216763940961
0.084626566999 0.977018213452 -0.195636792913 -0.135836519400
-0.118570855087 0.204820379570 0.971591253788 -5.047706934666
0.000000000000 0.000000000000 0.000000000000 1.000000000000
80 80 0
0.995077994838 -0.077289955718 0.062016505343 -1.093448049486
0.088082700954 0.976598974951 -0.196203669482 -0.115184873068
-0.045400682622 0.200700535302 0.978600057811 -5.145691568584
0.000000000000 0.000000000000 0.000000000000 1.000000000000
81 81 0
0.994605996007 -0.100629229337 -0.025152950315 -0.990864791092
0.093797315910 0.976091646492 -0.196079476685 -0.105512886338
0.044282911315 0.192662543978 0.980265355867 -5.290166540737
0.000000000000 0.000000000000 0.000000000000 1.000000000000
82 82 0
0.989642440591 -0.117789586104 -0.082057621142 -0.909350189025
0.100462774560 0.976586540958 -0.190226073257 -0.091173902779
0.102543018826 0.180012059108 0.978304956476 -5.384593098096
0.000000000000 0.000000000000 0.000000000000 1.000000000000
83 83 0
0.955276536855 -0.142814359023 -0.258941686467 -0.729269049500
0.093607464205 0.976659122255 -0.193325118804 -0.075139389929
0.280507363145 0.160440075331 0.946348033997 -5.346476496316
0.000000000000 0.000000000000 0.000000000000 1.000000000000
84 84 0
0.917012229574 -0.164144161302 -0.363517902067 -0.521525871031
0.099108163513 0.976582008627 -0.190958509503 -0.079193406228
0.386349767358 0.139083696877 0.911805671470 -5.370250017362
0.000000000000 0.000000000000 0.000000000000 1.000000000000
85 85 0
0.835842227594 -0.159614356036 -0.525253298817 -0.337333069046
0.090180896167 0.983722252468 -0.155428234133 -0.097527185408
0.541511935730 0.082545668246 0.836630764505 -5.293628958541
0.000000000000 0.000000000000 0.000000000000 1.000000000000
86 86 0
0.786025151440 -0.124029153543 -0.605624661301 -0.141579272370
0.090568513231 0.992200169856 -0.085651429340 -0.058448903356
0.611524166093 0.012473652568 0.791127424804 -5.322062262200
0.000000000000 0.000000000000 0.000000000000 1.000000000000
87 87 0
0.719903468538 -0.102109207525 -0.686522181524 0.034085651021
0.082163945829 0.994701695144 -0.061786921625 -0.043798140052
0.689193791319 -0.011926752145 0.724478895891 -5.205793655205
0.000000000000 0.000000000000 0.000000000000 1.000000000000
88 88 0
0.666529484094 -0.084196466717 -0.740708715911 0.241901153577
0.069422733438 0.996294142495 -0.050778595011 -0.007700273093
0.742239133242 -0.017576593004 0.669904569669 -5.208671543938
0.000000000000 0.000000000000 0.000000000000 1.000000000000
89 89 0
0.616419331240 -0.064619763259 -0.784762062201 0.413187988321
0.056007085637 0.997700827374 -0.038161045797 0.007008853458
0.785423716494 -0.020429029693 0.618621241402 -5.086225205087
0.000000000000 0.000000000000 0.000000000000 1.000000000000
90 90 0
0.576896202850 -0.047391306092 -0.815441497132 0.657001804793
0.044086000613 0.998666846714 -0.026850583323 0.038996301325
0.815626872833 -0.020459554779 0.578216404931 -5.080944763199
0.000000000000 0.000000000000 0.000000000000 1.000000000000
91 91 0
0.522979533127 -0.033120023144 -0.851701515789 0.857865395517
0.031568160958 0.999311831755 -0.019475988487 0.058901059926
0.851760447041 -0.016701107172 0.523665173442 -4.944962730847
0.000000000000 0.000000000000 0.000000000000 1.000000000000
92 92 0
0.416247249633 -0.019440573478 -0.909043613517 1.054916244808
0.014095331916 0.999789230295 -0.014927042718 0.092599617401
0.909142204934 -0.006599930982 0.416433538658 -4.908128659032
0.000000000000 0.000000000000 0.000000000000 1.000000000000
93 93 0
0.353290156235 0.001852323149 -0.935511963796 1.253704498566
0.000387032072 0.999997664810 0.002126165695 0.090833704802
0.935513717544 -0.001113226544 0.353288614327 -4.808483784188
0.000000000000 0.000000000000 0.000000000000 1.000000000000
94 94 0
0.253123860181 0.010375810135 -0.967378237284 1.480970665049
-0.014438526065 0.999871630390 0.006946344754 0.117726226210
0.967326129272 0.012209230296 0.253241178175 -4.714511153392
0.000000000000 0.000000000000 0.000000000000 1.000000000000
95 95 0
0.232266514227 0.015793293047 -0.972523952540 1.695176962139
-0.023611164299 0.999665073040 0.010595030171 0.129427750973
0.972365558465 0.020501552102 0.232561619946 -4.625344394724
0.000000000000 0.000000000000 0.000000000000 1.000000000000
96 96 0
0.247471407248 0.002157020300 -0.968892795854 1.904705288868
-0.026284160502 0.999644437475 -0.004487931856 0.146811469785
0.968538613325 0.026577168568 0.247440111157 -4.499761880338
0.000000000000 0.000000000000 0.000000000000 1.000000000000
97 97 0
0.286003060141 -0.048485280988 -0.957001268086 2.139473554166
-0.022223861067 0.998114785383 -0.057209922209 0.166476954568
0.957970954460 0.037630476045 0.284386352843 -4.438818543075
0.000000000000 0.000000000000 0.000000000000 1.000000000000
98 98 0
0.311157255739 -0.085187639308 -0.946532740221 2.339733904601
-0.015767489977 0.995374632419 -0.094766699832 0.182132989845
0.950227629813 0.044411791749 0.308374843807 -4.313410845286
0.000000000000 0.000000000000 0.000000000000 1.000000000000
99 99 0
0.338115246533 -0.103118601933 -0.935438204265 2.589736854646
-0.007501745632 0.993651979673 -0.112247347870 0.194999795463
0.941074813112 0.044969959160 0.335195314553 -4.262288817668
0.000000000000 0.000000000000 0.000000000000 1.000000000000
100 100 0
0.382650886636 -0.120793010814 -0.915962525159 2.784364379087
0.003408951010 0.991594074422 -0.129342841409 0.215027727682
0.923886723581 0.046370681570 0.379846129217 -4.163731791600
0.000000000000 0.000000000000 0.000000000000 1.000000000000
101 101 0
0.404031731556 -0.129963019840 -0.905465611368 3.018439833908
0.010077586471 0.990428125561 -0.137661070564 0.245179278474
0.914689456672 0.046494532713 0.401474104123 -4.153530570059
0.000000000000 0.000000000000 0.000000000000 1.000000000000
102 102 0
0.382475133426 -0.132696522956 -0.914387448025 3.241829941257
0.011661790910 0.990247914382 -0.138827485376 0.270664911743
0.923892187944 0.042434665763 0.380292682283 -4.128928416528
0.000000000000 0.000000000000 0.000000000000 1.000000000000
103 103 0
0.310750909778 -0.134372031651 -0.940945284903 3.446268050829
0.005149440566 0.990180145105 -0.139702410508 0.290038193240
0.950477435468 0.038567309344 0.308391321727 -4.095102642164
0.000000000000 0.000000000000 0.000000000000 1.000000000000
104 104 0
0.273142919168 -0.135293777271 -0.952411958944 3.619545626407
0.005667236316 0.990269664874 -0.139046298992 0.307117668475
0.961956770412 0.032581968364 0.271251888835 -4.088722433719
0.000000000000 0.000000000000 0.000000000000 1.000000000000
105 105 0
0.222945939724 -0.135412117730 -0.965380063153 3.742496437705
0.003794445829 0.990418286428 -0.138047890566 0.334758435707
0.974823425109 0.027114134335 0.221323549533 -3.976685095259
0.000000000000 0.000000000000 0.000000000000 1.000000000000
106 106 0
0.153649961493 -0.130395024881 -0.979483959450 3.863507784296
-0.001155341947 0.991230387196 -0.132140019240 0.368821035594
0.988124665474 0.021434947772 0.152151859981 -3.929427475972
0.000000000000 0.000000000000 0.000000000000 1.000000000000
107 107 0
0.104330301335 -0.116897752850 -0.987648775427 3.834698716439
-0.002429137923 0.993035329825 -0.117791905527 0.342894934838
0.994539736517 0.014688400094 0.103319714433 -3.734320631827
0.000000000000 0.000000000000 0.000000000000 1.000000000000
108 108 0
-0.002816178595 -0.114995811359 -0.993361984630 3.800852851042
-0.012006621657 0.993298207672 -0.114954389526 0.353701722582
0.999923952196 0.011603189426 -0.004178016350 -3.511762477966
0.000000000000 0.000000000000 0.000000000000 1.000000000000
109 109 0
-0.120823149384 -0.111518076609 -0.986390128277 3.762446140312
-0.022748417763 0.993719806035 -0.109560287438 0.338055933334
0.992413359474 0.009201395740 -0.122601216365 -3.320018146438
0.000000000000 0.000000000000 0.000000000000 1.000000000000
110 110 0
-0.212056562759 -0.111686466843 -0.970854338876 3.636168067982
-0.029607224182 0.993726134838 -0.107850735815 0.329383813284
0.976808797292 0.005873845731 -0.214032874739 -3.110728448420
0.000000000000 0.000000000000 0.000000000000 1.000000000000
111 111 0
-0.251949476349 -0.109088356294 -0.961572249958 3.635273714370
-0.031394952117 0.994024606275 -0.104543957745 0.324372227925
0.967231005680 0.003848719335 -0.253868802751 -2.881564242883
0.000000000000 0.000000000000 0.000000000000 1.000000000000
112 112 0
-0.305340259405 -0.105386899258 -0.946393642969 3.490239315838
-0.036071070386 0.994423730164 -0.099097541682 0.308935801463
0.951559879286 0.003878962625 -0.307439017988 -2.720338994968
0.000000000000 0.000000000000 0.000000000000 1.000000000000
113 113 0
-0.335074139615 -0.103951175168 -0.936439786715 3.567394431960
-0.038384726432 0.994576053765 -0.096669985282 0.314738512514
0.941409546233 0.003553372888 -0.337246852918 -2.530920719954
0.000000000000 0.000000000000 0.000000000000 1.000000000000
114 114 0
-0.411281395748 -0.096575019730 -0.906377889777 3.483968023339
-0.045583049176 0.995306361490 -0.085366459490 0.302191932058
0.910367947118 0.006205831313 -0.413753173424 -2.289034118804
0.000000000000 0.000000000000 0.000000000000 1.000000000000
115 115 0
-0.479346711513 -0.093540464826 -0.872626444478 3.497684398186
-0.051439678618 0.995588893091 -0.078464739960 0.319210718931
0.876116824188 0.007275808788 -0.482043953371 -2.037080848093
0.000000000000 0.000000000000 0.000000000000 1.000000000000
116 116 0
-0.525384445845 -0.088738393618 -0.846224959193 3.406539126310
-0.056262205265 0.995993233318 -0.069512901273 0.311996329881
0.849002796416 0.011089485240 -0.528271970669 -1.809152409588
0.000000000000 0.000000000000 0.000000000000 1.000000000000
117 117 0
-0.590292118342 -0.086748933627 -0.802514696150 3.435475049316
-0.063142252261 0.996124280079 -0.061232953675 0.263366456142
0.804716267390 0.014527255450 -0.593481834471 -1.597210297918
0.000000000000 0.000000000000 0.000000000000 1.000000000000
118 118 0
-0.658684961769 -0.081149092012 -0.748030043518 3.401293120317
-0.070635731336 0.996445612710 -0.045899176127 0.220395757833
0.749095931505 0.022604552113 -0.662075765774 -1.364187711967
0.000000000000 0.000000000000 0.000000000000 1.000000000000
119 119 0
-0.732589733523 -0.078580560831 -0.676119351739 3.413421027406
-0.079027831545 0.996415521610 -0.030177974353 0.243922775460
0.676067218683 0.031324172044 -0.736173832779 -1.144230128999
0.000000000000 0.000000000000 0.000000000000 1.000000000000
120 120 0
-0.721038028748 -0.073727578289 -0.688961831525 3.296726059897
-0.078386543647 0.996619116321 -0.024614767082 0.271444896210
0.688447318881 0.036257153543 -0.724379533078 -0.967594873603
0.000000000000 0.000000000000 0.000000000000 1.000000000000
121 121 0
-0.741112091273 -0.076181564241 -0.667045153973 3.245046006540
-0.082135138318 0.996366342657 -0.022537308494 0.292288376742
0.666338267866 0.038085174156 -0.744676327196 -0.775693714898
0.000000000000 0.000000000000 0.000000000000 1.000000000000
122 122 0
-0.754926206648 -0.075795053823 -0.651415023109 3.195213945956
-0.084364104781 0.996269667244 -0.018150701215 0.282175927575
0.650360761686 0.041253605249 -0.758504462553 -0.552744582040
0.000000000000 0.000000000000 0.000000000000 1.000000000000
123 123 0
-0.801268357186 -0.081648521642 -0.592707802114 3.126969333762
-0.089292281295 0.995869218971 -0.016473833987 0.274366164090
0.591604520160 0.039724269897 -0.805249075819 -0.354259626399
0.000000000000 0.000000000000 0.000000000000 1.000000000000
124 124 0
-0.813378576570 -0.085197790918 -0.575462099187 3.056522712938
-0.091398683532 0.995647674248 -0.018220576615 0.265722707777
0.574509853550 0.037776251617 -0.817625453975 -0.185111099167
0.000000000000 0.000000000000 0.000000000000 1.000000000000
125 125 0
-0.822434305745 -0.086196503841 -0.562291717402 2.895801783488
-0.092493981548 0.995562443999 -0.017328689409 0.255795363143
0.561290188861 0.037756891090 -0.826757365292 -0.032631162718
0.000000000000 0.000000000000 0.000000000000 1.000000000000
126 126 0
-0.827512686046 -0.087061621065 -0.554655774846 2.853624341908
-0.093333625190 0.995489591086 -0.017009069591 0.242379008464
0.553634887666 0.037692813335 -0.831906042160 0.166240227631
0.000000000000 0.000000000000 0.000000000000 1.000000000000
127 127 0
-0.805967999307 -0.083666669684 -0.586016614506 2.725517605592
-0.089993644939 0.995772410380 -0.018397026827 0.157024241159
0.585078394716 0.037910356229 -0.810090165924 0.314647986991
0.000000000000 0.000000000000 0.000000000000 1.000000000000
128 128 0
-0.799865441603 -0.082323578408 -0.594506605318 2.671332801211
-0.089834587388 0.995811126741 -0.017027823355 0.142460811840
0.593418083848 0.039787288140 -0.803910411342 0.478417981777
0.000000000000 0.000000000000 0.000000000000 1.000000000000
129 129 0
-0.768294097182 -0.075794687113 -0.635593695406 2.659448398436
-0.086963418636 0.996117746225 -0.013667460449 0.158658832917
0.634162080271 0.044772771429 -0.771902749629 0.604350124363
0.000000000000 0.000000000000 0.000000000000 1.000000000000
130 130 0
-0.743455907373 -0.070516104642 -0.665056984610 2.609418940922
-0.084885761556 0.996332709003 -0.010748974676 0.179348595748
0.663376002941 0.048462479896 -0.746715251461 0.727086981874
0.000000000000 0.000000000000 0.000000000000 1.000000000000
131 131 0
-0.766123328460 -0.069627796680 -0.638910804040 2.652743290683
-0.088853211468 0.996042717348 -0.002003005249 0.200237141878
0.636521918242 0.055234727732 -0.769278215245 0.888042696561
0.000000000000 0.000000000000 0.000000000000 1.000000000000
132 132 0
-0.758403896911 -0.064495051969 -0.648586090987 2.610606381619
-0.089019815260 0.996017057415 0.005049141450 0.198253821488
0.645677165185 0.061566302552 -0.761124555345 1.097289432678
0.000000000000 0.000000000000 0.000000000000 1.000000000000
133 133 0
-0.787052362658 -0.064408559155 -0.613514560498 2.566526083764
-0.093872388348 0.995456960515 0.015918997100 0.205821238595
0.609702019958 0.070121161359 -0.789522937975 1.275920075738
0.000000000000 0.000000000000 0.000000000000 1.000000000000
134 134 0
-0.780719628350 -0.052322899681 -0.622687061113 2.529470316467
-0.096432431582 0.994639297705 0.037328991406 0.216101809615
0.617395860083 0.089190703715 -0.781580047291 1.454724323185
0.000000000000 0.000000000000 0.000000000000 1.000000000000
135 135 0
-0.788749553853 -0.045965687323 -0.612993716840 2.395883497905
-0.099675630895 0.993567100360 0.053751145930 0.213698487586
0.606579681412 0.103496727832 -0.788257266015 1.607549894991
0.000000000000 0.000000000000 0.000000000000 1.000000000000
136 136 0
-0.781482248052 -0.035573037275 -0.622912558068 2.389108981150
-0.104642750755 0.991704456977 0.074646933804 0.237812713467
0.615089741985 0.123518537195 -0.778721888914 1.789880558022
0.000000000000 0.000000000000 0.000000000000 1.000000000000
137 137 0
-0.789734632221 -0.023151534419 -0.613011596240 2.303703948335
-0.107969839087 0.988933784467 0.101747156164 0.212631320768
0.603872275004 0.146540016357 -0.783494926013 1.949476798056
0.000000000000 0.000000000000 0.000000000000 1.000000000000
138 138 0
-0.856112801649 -0.039018217202 -0.515313933034 2.264928044161
-0.116839501792 0.985940371598 0.119457584415 0.195860877130
0.503407788650 0.162478190474 -0.848635042846 2.124864661165
0.000000000000 0.000000000000 0.000000000000 1.000000000000
139 139 0
-0.874774185136 -0.052115627406 -0.481719925267 2.216026314274
-0.128078903366 0.983707040561 0.126159632465 0.188041507177
0.467296393664 0.172059349444 -0.867196437226 2.268114214409
0.000000000000 0.000000000000 0.000000000000 1.000000000000
140 140 0
-0.910737233835 -0.067455780575 -0.407440067461 2.066454339465
-0.134937084837 0.981027490268 0.139201460027 0.176203312995
0.390319963673 0.181754727599 -0.902560549190 2.402213736609
0.000000000000 0.000000000000 0.000000000000 1.000000000000
141 141 0
-0.925974574065 -0.081724671081 -0.368635546742 2.038421160984
-0.143894068606 0.978999960601 0.144407666570 0.179061068090
0.349092516684 0.186762296197 -0.918288766954 2.581721626451
0.000000000000 0.000000000000 0.000000000000 1.000000000000
142 142 0
-0.929558556645 -0.086221120495 -0.358450565836 1.916602722051
-0.146809642951 0.978424776346 0.145368104373 0.160097885103
0.338183113866 0.187752164870 -0.922161214801 2.735758102306
0.000000000000 0.000000000000 0.000000000000 1.000000000000
143 143 0
-0.945409405212 -0.095452184090 -0.311592581889 1.853981236728
-0.147744202248 0.977776325794 0.148745108890 0.153452028549
0.290469804348 0.186661022362 -0.938501441391 2.885863769704
0.000000000000 0.000000000000 0.000000000000 1.000000000000
144 144 0
-0.942042792295 -0.094709596621 -0.321846966417 1.804506234296
-0.148692237627 0.977824683854 0.147477137600 0.144174716008
0.300742407974 0.186785920114 -0.935235277400 3.057072167536
0.000000000000 0.000000000000 0.000000000000 1.000000000000
145 145 0
-0.947375689742 -0.092969936917 -0.306326448933 1.668510777626
-0.144630708630 0.977975703250 0.150484158549 0.149196302495
0.285589321592 0.186869244882 -0.939956714275 3.210894448967
0.000000000000 0.000000000000 0.000000000000 1.000000000000
146 146 0
-0.953580218533 -0.094049062785 -0.286076109824 1.678617002953
-0.143426116926 0.977154290842 0.156838901016 0.148587380465
0.264789946573 0.190589259083 -0.945284094078 3.407082060236
0.000000000000 0.000000000000 0.000000000000 1.000000000000
147 147 0
-0.977131156738 -0.101549991220 -0.186821577486 1.545907108328
-0.134869399957 0.975233034477 0.175301949274 0.132225154693
0.164392662508 0.196489510527 -0.966626569450 3.540891550003
0.000000000000 0.000000000000 0.000000000000 1.000000000000
148 148 0
-0.988410768799 -0.122249534537 -0.089995574489 1.494211979365
-0.137473564915 0.972285506718 0.189108202825 0.127119208132
0.064383002972 0.199288596592 -0.977823544509 3.720117182951
0.000000000000 0.000000000000 0.000000000000 1.000000000000
149 149 0
-0.986298514665 -0.123798148694 -0.109037875759 1.405895144903
-0.142753163309 0.971742691230 0.187983181179 0.124193280513
0.082684789021 0.200973034064 -0.976100950334 3.884832832090
0.000000000000 0.000000000000 0.000000000000 1.000000000000
150 150 0
-0.990536974700 -0.133729674775 -0.030868686989 1.350242798664
-0.137200627324 0.970629355721 0.197622472593 0.123233944544
0.003534064776 0.199987569355 -0.979792060842 4.073444180583
0.000000000000 0.000000000000 0.000000000000 1.000000000000
151 151 0
-0.988848846998 -0.144726355914 0.035103271847 1.271923973421
-0.134411106375 0.968835600048 0.208065457397 0.107611304119
-0.064121854884 0.201027018041 -0.977484795659 4.179015815207
0.000000000000 0.000000000000 0.000000000000 1.000000000000
152 152 0
-0.989150303821 -0.141991951735 0.037682384390 1.077808209449
-0.134108743029 0.977477762249 0.162948057220 0.097583593290
-0.059971005446 0.156126583101 -0.985914787674 4.142218102974
0.000000000000 0.000000000000 0.000000000000 1.000000000000
153 153 0
-0.991442262893 -0.129821508913 0.013733723970 0.997640368184
-0.127939258362 0.987171988104 0.095514460014 0.100705883779
-0.025957378918 0.092939989916 -0.995333297320 3.995261044668
0.000000000000 0.000000000000 0.000000000000 1.000000000000
154 154 0
-0.993071683171 -0.117448332898 -0.003810667009 0.808636088280
-0.117373197316 0.989827643219 0.080403788911 0.062927666614
-0.005671387421 0.080293996158 -0.996755090053 3.811460399726
0.000000000000 0.000000000000 0.000000000000 1.000000000000
155 155 0
-0.993780404501 -0.106461005459 -0.032658259991 0.601530976703
-0.108486764603 0.991751856813 0.068255962473 0.038652803392
0.025122291593 0.071374426960 -0.997133171468 3.682537585116
0.000000000000 0.000000000000 0.000000000000 1.000000000000
156 156 0
-0.988709178458 -0.094186325768 -0.116546542080 0.390146497824
-0.100281555406 0.993820921351 0.047577157652 0.001087738931
0.111345274160 0.058727440973 -0.992045017930 3.599350673272
0.000000000000 0.000000000000 0.000000000000 1.000000000000
157 157 0
-0.958419740412 -0.080604261001 -0.273741765717 0.156143560183
-0.089133873129 0.995841366153 0.018844790232 -0.019353240637
0.271084403554 0.042460882778 -0.961618593614 3.567050333623
0.000000000000 0.000000000000 0.000000000000 1.000000000000
158 158 0
-0.911629599669 -0.067562509939 -0.405421731359 -0.050895613252
-0.073314725959 0.997307949182 -0.001343672305 -0.038279188737
0.404421097329 0.028498451687 -0.914128773361 3.425784593785
0.000000000000 0.000000000000 0.000000000000 1.000000000000
159 159 0
-0.877392239626 -0.060350740859 -0.475962861914 -0.332735096094
-0.061392339987 0.998024083674 -0.013375686795 -0.066175732489
0.475829631732 0.017484750046 -0.879363659177 3.372104780080
0.000000000000 0.000000000000 0.000000000000 1.000000000000
160 160 0
-0.855851762759 -0.057312631051 -0.514036012848 -0.578533052351
-0.054681182890 0.998298233652 -0.020263388785 -0.082350070214
0.514322591785 0.010765640220 -0.857529225490 3.253588976860
0.000000000000 0.000000000000 0.000000000000 1.000000000000
161 161 0
-0.895338508460 -0.057564648699 -0.441650615859 -0.792296799351
-0.056178187633 0.998288847545 -0.016229236028 -0.099720955482
0.441829114594 0.010280471187 -0.897040325409 3.163252556982
0.000000000000 0.000000000000 0.000000000000 1.000000000000
162 162 0
-0.947298289144 -0.063223956251 -0.314052038268 -0.976346009982
-0.064715499540 0.997887558862 -0.005685418821 -0.110445262938
0.313748076494 0.014938247016 -0.949388747180 3.026179744531
0.000000000000 0.000000000000 0.000000000000 1.000000000000
163 163 0
-0.981386153716 -0.069336676068 -0.179091157365 -1.135623169595
-0.071288269502 0.997445708360 0.004476773990 -0.118896467569
0.178323301691 0.017160542699 -0.983822298918 2.858103410409
0.000000000000 0.000000000000 0.000000000000 1.000000000000
164 164 0
-0.995579759067 -0.079372822258 0.050208549303 -1.231053202424
-0.078268391042 0.996653034634 0.023596345459 -0.113955209480
-0.051913411561 0.019562301556 -0.998459971185 2.841355544553
0.000000000000 0.000000000000 0.000000000000 1.000000000000
165 165 0
-0.968938969675 -0.087882258122 0.231157915185 -1.383228282262
-0.079108363139 0.995758674284 0.046973710418 -0.131221908465
-0.234305654918 0.027228134277 -0.971781605494 2.885202157194
0.000000000000 0.000000000000 0.000000000000 1.000000000000
166 166 0
-0.907819250536 -0.098911302209 0.407530075763 -1.579759027472
-0.075354368041 0.994444270650 0.073500420329 -0.144186226535
-0.412535971247 0.036015925180 -0.910229051152 2.854387185288
0.000000000000 0.000000000000 0.000000000000 1.000000000000
167 167 0
-0.844490192445 -0.109685734939 0.524218803951 -1.761275873750
-0.070878840885 0.993083036267 0.093607013596 -0.160041991244
-0.530860155577 0.041894183731 -0.846423282164 2.906951255080
0.000000000000 0.000000000000 0.000000000000 1.000000000000
168 168 0
-0.759318558369 -0.121376112706 0.639298964632 -1.967084565697
-0.063641905289 0.991592015029 0.112672017919 -0.181350437390
-0.647599440092 0.044867750056 -0.760658826412 2.880108714795
0.000000000000 0.000000000000 0.000000000000 1.000000000000
169 169 0
-0.666815942089 -0.131973751583 0.733443541296 -2.179413588899
-0.055807869607 0.990273830120 0.127448903759 -0.202865529517
-0.743129854780 0.044053039312 -0.667695550877 2.891020140086
0.000000000000 0.000000000000 0.000000000000 1.000000000000
170 170 0
-0.557031300531 -0.141709301876 0.818312045610 -2.378528732328
-0.043970504473 0.988984963628 0.141334130532 -0.214672453821
-0.829326669634 0.042745941078 -0.557126609987 2.758486860700
0.000000000000 0.000000000000 0.000000000000 1.000000000000
171 171 0
-0.398987037362 -0.153709446954 0.903981609290 -2.612468650628
-0.030662673444 0.987535145092 0.154383087367 -0.229416582286
-0.916443748669 0.033878357762 -0.398726864408 2.709234319196
0.000000000000 0.000000000000 0.000000000000 1.000000000000
172 172 0
-0.187156636800 -0.166314182761 0.968148741627 -2.793012107595
-0.010983957639 0.985856260557 0.167232730635 -0.247040128954
-0.982268673010 0.020664610663 -0.186336330032 2.578533342534
0.000000000000 0.000000000000 0.000000000000 1.000000000000
173 173 0
0.008405555721 -0.173373060645 0.984820353402 -2.966527132120
0.002900575176 0.984855229721 0.173354443714 -0.250317754684
-0.999960465867 0.001399405033 0.008781137106 2.450674224617
0.000000000000 0.000000000000 0.000000000000 1.000000000000
174 174 0
0.096286603316 -0.178454325978 0.979225685714 -3.091271447269
0.007964254393 0.983903384233 0.178523671108 -0.269288662287
-0.995321787501 -0.009390635433 0.096157970508 2.267248904524
0.000000000000 0.000000000000 0.000000000000 1.000000000000
175 175 0
0.211387562988 -0.178724687248 0.960922881600 -3.200807506448
0.016581162667 0.983653812400 0.179304886701 -0.278619345431
-0.977261665706 -0.021969604421 0.210895645339 2.090035742708
0.000000000000 0.000000000000 0.000000000000 1.000000000000
176 176 0
0.278016248006 -0.179087940003 0.943734324686 -3.239988507262
0.021903187800 0.983393182238 0.180161315194 -0.287454831859
-0.960326619546 -0.029416982739 0.277321879623 1.889015324233
0.000000000000 0.000000000000 0.000000000000 1.000000000000
177 177 0
0.285406909075 -0.179276768902 0.941489636897 -3.113527781543
0.020022758414 0.983249985731 0.181158921130 -0.266812687111
-0.958197258083 -0.032852788182 0.284215954709 1.667451626688
0.000000000000 0.000000000000 0.000000000000 1.000000000000
178 178 0
0.235480069588 -0.182182546993 0.954651065258 -2.905876040173
0.015963190309 0.982865921406 0.183629401495 -0.253508458952
-0.971748070943 -0.028001787609 0.234353550237 1.469189179322
0.000000000000 0.000000000000 0.000000000000 1.000000000000
179 179 0
0.183040934123 -0.184846445827 0.965571233986 -2.715708755847
0.013175438883 0.982537647824 0.185596816831 -0.233322170040
-0.983017000995 -0.021249989943 0.182280041919 1.258498702163
0.000000000000 0.000000000000 0.000000000000 1.000000000000
180 180 0
0.116709089757 -0.188855317034 0.975044951577 -2.421689801467
0.007820060746 0.981898427843 0.189246727975 -0.204743920620
-0.993135355839 -0.014461902610 0.116073331799 1.252797127276
0.000000000000 0.000000000000 0.000000000000 1.000000000000
181 181 0
0.055217767753 -0.191525572071 0.979933137192 -2.155989754101
0.003539119057 0.981461848704 0.191624930985 -0.190117003733
-0.998468062965 -0.007113000895 0.054871964222 1.251213518527
0.000000000000 0.000000000000 0.000000000000 1.000000000000
182 182 0
-0.011634656379 -0.188380335055 0.982027231871 -1.868436569886
-0.002120086195 0.982096144656 0.188368436545 -0.163041517610
-0.999930067557 0.000109619654 -0.011825733722 1.363198823392
0.000000000000 0.000000000000 0.000000000000 1.000000000000
183 183 0
-0.124852780458 -0.184523104178 0.974865635478 -1.572614514788
-0.010065372199 0.982738844402 0.184724259330 -0.141024571766
-0.992124221806 0.013250951930 -0.124554970910 1.376070911104
0.000000000000 0.000000000000 0.000000000000 1.000000000000
184 184 0
-0.237375839733 -0.179386616220 0.954711030958 -1.284209281330
-0.017496325085 0.983431669823 0.180432894444 -0.113494907441
-0.971260309762 0.026126475275 -0.236581524998 1.481168554280
0.000000000000 0.000000000000 0.000000000000 1.000000000000
185 185 0
-0.332279415610 -0.175502353338 0.926708861474 -0.982609707615
-0.021387055591 0.983684920727 0.178624104159 -0.090164688642
-0.942938483579 0.039533539006 -0.330611729191 1.478052836659
0.000000000000 0.000000000000 0.000000000000 1.000000000000
186 186 0
-0.435073680317 -0.169454752378 0.884305365579 -0.669788143686
-0.028199034657 0.984213245487 0.174725790463 -0.065126332354
-0.899953169415 0.051082035051 -0.432983739366 1.452139814433
0.000000000000 0.000000000000 0.000000000000 1.000000000000
187 187 0
-0.570036524846 -0.158738007444 0.806139321293 -0.408303602328
-0.035091972115 0.984967606321 0.169137127775 -0.041769451931
-0.820869608302 0.068125321956 -0.567037941124 1.304646126720
0.000000000000 0.000000000000 0.000000000000 1.000000000000
188 188 0
-0.683524123840 -0.145850422516 0.715207960233 -0.145228572580
-0.041253700381 0.985986580691 0.161643418990 -0.016023202782
-0.728761212149 0.080982201438 -0.679962483316 1.151974351215
0.000000000000 0.000000000000 0.000000000000 1.000000000000
189 189 0
-0.795146513602 -0.129544207093 0.592419041148 0.054607515029
-0.046646328227 0.987087824058 0.153237553035 0.004633842224
-0.604620659562 0.094212133007 -0.790922203523 0.911103893304
0.000000000000 0.000000000000 0.000000000000 1.000000000000
190 190 0
-0.868908268486 -0.115124626408 0.481398734265 0.234377757000
-0.050240444624 0.988065634687 0.145609749932 0.019429815246
-0.492416813971 0.102335829237 -0.864322312204 0.666928634195
0.000000000000 0.000000000000 0.000000000000 1.000000000000
191 191 0
-0.937371285011 -0.095546870066 0.334971446033 0.299641279529
-0.053388414156 0.989690738823 0.132898151686 0.025676792373
-0.344216140340 0.106691316930 -0.932808775485 0.381338505950
0.000000000000 0.000000000000 0.000000000000 1.000000000000
192 192 0
-0.968919296220 -0.082959817297 0.233051638327 0.430831494210
-0.055304031099 0.990889252682 0.122800460356 0.034680154758
-0.241115867493 0.106095040570 -0.964679729656 0.137654815469
0.000000000000 0.000000000000 0.000000000000 1.000000000000
193 193 0
-0.987400791973 -0.072300013611 0.140756470693 0.453135869117
-0.056520568118 0.991980998007 0.113044791886 0.036250181785
-0.147800884266 0.103664881346 -0.983569260899 -0.158989907664
0.000000000000 0.000000000000 0.000000000000 1.000000000000
194 194 0
-0.995914833163 -0.067489312295 0.059990314321 0.535679383818
-0.061058784634 0.992781642184 0.103230013857 0.046718759176
-0.066524205410 0.099145366345 -0.992846778928 -0.439235193613
0.000000000000 0.000000000000 0.000000000000 1.000000000000
195 195 0
-0.995715742365 -0.057593398368 -0.072340589380 0.616262419940
-0.064049605825 0.993848171782 0.090351864616 0.050622977240
0.066691891568 0.094598160185 -0.993279104627 -0.709390664917
0.000000000000 0.000000000000 0.000000000000 1.000000000000
196 196 0
-0.981153548300 -0.050163157267 -0.186604856075 0.687829544822
-0.065549761254 0.994857098976 0.077217753242 0.056943331530
0.181771679470 0.087994376350 -0.979395755695 -0.987983165859
0.000000000000 0.000000000000 0.000000000000 1.000000000000
197 197 0
-0.937261037984 -0.035828531894 -0.346782443298 0.670118178452
-0.061205964338 0.996166281295 0.062502559470 0.059395480559
0.343213602013 0.079806367623 -0.935860762657 -1.255677181060
0.000000000000 0.000000000000 0.000000000000 1.000000000000
198 198 0
-0.868222148721 -0.025388936265 -0.495525682872 0.657946061407
-0.055661224585 0.997369874154 0.046423724617 0.057950252271
0.493043738981 0.067887672260 -0.867351794491 -1.397015577175
0.000000000000 0.000000000000 0.000000000000 1.000000000000
199 199 0
-0.767888058166 -0.013665905501 -0.640438266465 0.606172777694
-0.044431575321 0.998500840893 0.031967262158 0.063821643654
0.639041286022 0.053002959938 -0.767344069500 -1.322985341044
0.000000000000 0.000000000000 0.000000000000 1.000000000000
200 200 0
-0.716098647716 -0.008083195619 -0.697952282529 0.566870250198
-0.038204082615 0.998887926375 0.027628945231 0.072143475057
0.696952778035 0.046449676981 -0.715611104370 -1.144424467497
0.000000000000 0.000000000000 0.000000000000 1.000000000000
201 201 0
-0.673121844302 -0.000801699183 -0.739531162292 0.445900247473
-0.035442664366 0.998885282151 0.031177085247 0.054803015356
0.738681799062 0.047196931895 -0.672399917723 -0.914812487421
0.000000000000 0.000000000000 0.000000000000 1.000000000000
202 202 0
-0.634904832242 -0.000494142087 -0.772590195265 0.435985878338
-0.038642660982 0.998768472568 0.031117245337 0.054761217278
0.771623352905 0.049611430424 -0.634142024489 -0.704553904632
0.000000000000 0.000000000000 0.000000000000 1.000000000000
203 203 0
-0.605784404864 0.004545867433 -0.795615855745 0.373865650599
-0.041919971504 0.998412368725 0.037622572558 0.037125697772
0.794523738357 0.056143361727 -0.604632079964 -0.482850649435
0.000000000000 0.000000000000 0.000000000000 1.000000000000
204 204 0
-0.654164993937 0.000132150148 -0.756351864706 0.292770603585
-0.052039386717 0.997622376723 0.045182913714 0.042313982698
0.754559515836 0.068917167658 -0.652602759007 -0.262666788593
0.000000000000 0.000000000000 0.000000000000 1.000000000000
205 205 0
-0.696897467482 -0.004722908463 -0.717155223054 0.222903298033
-0.064466711804 0.996342616419 0.056084166892 0.030174214373
0.714267430930 0.085317552956 -0.694653116505 -0.009773730158
0.000000000000 0.000000000000 0.000000000000 1.000000000000
206 206 0
-0.747354075028 -0.013556375855 -0.664287672031 0.174055066584
-0.077938403469 0.994678239826 0.067385491624 0.032133487485
0.659838989302 0.102134342365 -0.744433398167 0.250608907819
0.000000000000 0.000000000000 0.000000000000 1.000000000000
207 207 0
-0.764640171088 -0.017298730667 -0.644225242191 0.132330789278
-0.088215449333 0.993039745192 0.078039086153 -0.005799918508
0.638391293219 0.116502439399 -0.760844095960 0.481062925788
0.000000000000 0.000000000000 0.000000000000 1.000000000000
208 208 0
-0.792439477892 -0.024842980668 -0.609444419279 0.092623663864
-0.097342700000 0.991514954424 0.086153896662 -0.073224304784
0.602132936016 0.127596714161 -0.788133875620 0.700542880385
0.000000000000 0.000000000000 0.000000000000 1.000000000000
209 209 0
-0.787332305157 -0.026706053194 -0.615950183033 0.066923520238
-0.104182796999 0.990456989809 0.090226914762 -0.075321128598
0.607662559374 0.135209977667 -0.782601096264 0.905262841511
0.000000000000 0.000000000000 0.000000000000 1.000000000000
210 210 0
-0.802436100611 -0.027743889818 -0.596092762088 -0.065076327755
-0.107610227313 0.989270048258 0.098817056201 -0.080437415104
0.586955145998 0.143440050880 -0.796811526266 1.120231930501
0.000000000000 0.000000000000 0.000000000000 1.000000000000
211 211 0
-0.813193555201 -0.029083233544 -0.581266210360 -0.107976834035
-0.111737505966 0.987972437201 0.106888694875 -0.066306015850
0.571166325636 0.151870434444 -0.806662506629 1.352227184567
0.000000000000 0.000000000000 0.000000000000 1.000000000000
212 212 0
-0.792939159514 -0.022657951289 -0.608879385883 -0.212297987464
-0.116405565579 0.986535212690 0.114882628909 -0.050144886535
0.598077949445 0.161971884492 -0.784899914016 1.462145025579
0.000000000000 0.000000000000 0.000000000000 1.000000000000
213 213 0
-0.759511157747 -0.007950791239 -0.650445682726 -0.204026881810
-0.118990030360 0.984752018076 0.126904828787 -0.031779900398
0.639518704913 0.173782184970 -0.748876210233 1.421020512089
0.000000000000 0.000000000000 0.000000000000 1.000000000000
214 214 0
-0.660868373340 0.007778445188 -0.750461517274 -0.305110748495
-0.119272085569 0.986149397377 0.115254221860 -0.045773402152
0.740963671662 0.165676980426 -0.650787196735 1.297759124248
0.000000000000 0.000000000000 0.000000000000 1.000000000000
215 215 0
-0.476518917602 0.030487614959 -0.878635434353 -0.339977279673
-0.106183821203 0.990086644753 0.091942547260 -0.043405214508
0.872728318139 0.137109230966 -0.468557724834 1.142877538131
0.000000000000 0.000000000000 0.000000000000 1.000000000000
216 216 0
-0.212697091977 0.052298968562 -0.975717564130 -0.260523173070
-0.072551989614 0.994964824496 0.069146271181 -0.010359782177
0.974420933615 0.085497461381 -0.207831730566 1.071015444463
0.000000000000 0.000000000000 0.000000000000 1.000000000000
217 217 0
0.097500649225 0.067394797793 -0.992950937676 -0.205259507696
-0.029275884265 0.997467006872 0.064826636512 -0.009445066672
0.994804777834 0.022748877585 0.099226723051 0.956182319925
0.000000000000 0.000000000000 0.000000000000 1.000000000000
218 218 0
0.413309002925 0.057464086172 -0.908775850747 -0.119859769007
0.020060858296 0.997189975553 0.072178352859 -0.006313509271
0.910369831478 -0.048062786617 0.410994815633 0.844934478250
0.000000000000 0.000000000000 0.000000000000 1.000000000000
219 219 0
0.622571766335 0.036808115409 -0.781696589735 -0.054672791662
0.057721606123 0.994012384550 0.092777128365 0.001819700024
0.780431042405 -0.102881203342 0.616719422468 0.727461081643
0.000000000000 0.000000000000 0.000000000000 1.000000000000
220 220 0
0.808683972208 0.001180905327 -0.588242159792 -0.028643289011
0.084635855491 0.989359716488 0.118339018737 0.010334015355
0.582122843616 -0.145485246169 0.799979398539 0.611944793236
0.000000000000 0.000000000000 0.000000000000 1.000000000000
221 221 0
0.907334011190 -0.034131697361 -0.419022695534 0.098009452679
0.102795165178 0.984457066339 0.142398871315 0.022024740070
0.407649538395 -0.172276846300 0.896739952314 0.486989298952
0.000000000000 0.000000000000 0.000000000000 1.000000000000
222 222 0
0.965527364111 -0.061461837951 -0.252941399596 0.126490124062
0.106158195876 0.980217476241 0.167045313376 0.019454218809
0.237670668367 -0.188138623754 0.952951473922 0.359247428911
0.000000000000 0.000000000000 0.000000000000 1.000000000000
223 223 0
0.993806506747 -0.096076076562 -0.055839185695 0.236584029035
0.105013474358 0.976314659105 0.189160927838 0.030035032322
0.036342775761 -0.193853227803 0.980357143454 0.234709267591
0.000000000000 0.000000000000 0.000000000000 1.000000000000
224 224 0
0.993515366170 -0.111872442513 0.020292210080 0.280042346152
0.105403311227 0.973165968182 0.204543737022 0.039109726059
-0.042630495731 -0.201078479651 0.978647069098 0.094724607061
0.000000000000 0.000000000000 0.000000000000 1.000000000000
225 225 0
0.990402738867 -0.114910569645 0.076798280119 0.444263781228
0.095670986930 0.971003002624 0.219089550536 0.059530007533
-0.099747065647 -0.209639523654 0.972677640854 0.034143445029
0.000000000000 0.000000000000 0.000000000000 1.000000000000
226 226 0
0.984719688879 -0.114940755678 0.130827202896 0.736984187082
0.082387519080 0.969337647087 0.231509875902 0.099014418213
-0.153425653114 -0.217193804295 0.963995549960 0.070707260301
0.000000000000 0.000000000000 0.000000000000 1.000000000000
227 227 0
0.976703508097 -0.115069828509 0.181133077703 1.023938719494
0.069571886946 0.968280962008 0.239982772630 0.138965505507
-0.203002487221 -0.221790245906 0.953729037517 0.167419554708
0.000000000000 0.000000000000 0.000000000000 1.000000000000
228 228 0
0.966181243695 -0.117403896780 0.229586866683 1.379818111611
0.058269310630 0.966715061416 0.249131847563 0.174311432459
-0.251194131642 -0.227328649871 0.940863004468 0.192019454816
0.000000000000 0.000000000000 0.000000000000 1.000000000000
229 229 0
0.951869000272 -0.120659699196 0.281756354517 1.647193775342
0.045831494634 0.964950911166 0.258397393832 0.171708651464
-0.303059202831 -0.233047154089 0.924036873480 0.291305131150
0.000000000000 0.000000000000 0.000000000000 1.000000000000
230 230 0
0.954770088670 -0.114931480933 0.274234994981 1.936058384803
0.043424798256 0.966286096513 0.253782321258 0.197242212992
-0.294157040844 -0.230395170038 0.927571938420 0.353539927179
0.000000000000 0.000000000000 0.000000000000 1.000000000000
231 231 0
0.978633922108 -0.089443082056 0.185136656481 2.089325050438
0.041981476238 0.968378558091 0.245927883498 0.187909994905
-0.201278916316 -0.232901059039 0.951443059014 0.497431510546
0.000000000000 0.000000000000 0.000000000000 1.000000000000
232 232 0
0.998871251216 -0.045298694695 -0.014291667263 2.240172893723
0.046771482604 0.990465407899 0.129578949566 0.161528633793
0.008285644770 -0.130101129951 0.991466108385 0.492459366454
0.000000000000 0.000000000000 0.000000000000 1.000000000000
233 233 0
0.979555501463 -0.038532931890 -0.197449316820 2.222833660270
0.025005909029 0.997194726418 -0.070550564267 0.174967894494
0.199613937555 0.064170793704 0.977771131282 0.470755837799
0.000000000000 0.000000000000 0.000000000000 1.000000000000
234 234 0
0.943744217468 -0.118772735137 -0.308609606759 2.230716751745
0.055013078091 0.976655707185 -0.207646793528 0.179962960659
0.326068111342 0.178987896272 0.928247229866 0.433050691620
0.000000000000 0.000000000000 0.000000000000 1.000000000000
235 235 0
0.903776174497 -0.189699201014 -0.383670222387 2.249012277497
0.076417796093 0.953529940650 -0.291446346219 0.180430300283
0.421128183399 0.234083031036 0.876274036891 0.399145210855
0.000000000000 0.000000000000 0.000000000000 1.000000000000
236 236 0
0.859788199960 -0.247375502517 -0.446732147897 2.193541189013
0.094662327968 0.936876878533 -0.336601779754 0.176134405031
0.501800054677 0.247117533220 0.828932825928 0.340566647931
0.000000000000 0.000000000000 0.000000000000 1.000000000000
237 237 0
0.759086509546 -0.295158620668 -0.580231901631 2.123081256612
0.090083733326 0.930358298612 -0.355412938978 0.170856502835
0.644726757638 0.217519711403 0.732811423994 0.276161857482
0.000000000000 0.000000000000 0.000000000000 1.000000000000
238 238 0
0.623241064882 -0.350418476862 -0.699126216158 1.943616413433
0.097771321271 0.921889598835 -0.374913771816 0.152105640764
0.775893899823 0.165307164497 0.608820332762 0.284668782605
0.000000000000 0.000000000000 0.000000000000 1.000000000000
239 239 0
0.570567445879 -0.387022590700 -0.724338528584 1.684136687661
0.133979879220 0.914044370771 -0.382847593993 0.140733861831
0.810248222255 0.121393585292 0.573377202008 0.159918139560
0.000000000000 0.000000000000 0.000000000000 1.000000000000
240 240 0
0.534251519579 -0.404656288734 -0.742178281692 1.390214878316
0.150566944210 0.909492369149 -0.387496097749 0.106351835697
0.831808216561 0.095272863120 0.546825541113 0.150641322073
0.000000000000 0.000000000000 0.000000000000 1.000000000000
241 241 0
0.516555863293 -0.409746630060 -0.751849545622 1.149561449650
0.152616117232 0.908067234276 -0.390028484596 0.051293639821
0.842542794675 0.086727142174 0.531601393858 -0.025052110334
0.000000000000 0.000000000000 0.000000000000 1.000000000000
242 242 0
0.473874490528 -0.407939565971 -0.780402638221 0.864905586912
0.141367732617 0.909972014912 -0.389828290728 0.010186682956
0.869170944867 0.074405931169 0.488882016447 -0.089987427465
0.000000000000 0.000000000000 0.000000000000 1.000000000000
243 243 0
0.425533396287 -0.410265446046 -0.806600020100 0.606741418971
0.127118213652 0.909589142018 -0.395586340109 -0.020292564941
0.895970026509 0.065801645145 0.439212767453 -0.215542288896
0.000000000000 0.000000000000 0.000000000000 1.000000000000
244 244 0
0.321059921514 -0.414077064076 -0.851739814617 0.361287847759
0.097972041246 0.909048958709 -0.405007987335 -0.048150308990
0.941977709891 0.046585144378 0.332427162536 -0.278313127154
0.000000000000 0.000000000000 0.000000000000 1.000000000000
245 245 0
0.126296355917 -0.424002739198 -0.896811522916 0.184618082824
0.056033568843 0.905656484751 -0.420293434152 -0.064333510410
0.990408738676 0.002829978941 0.138139500413 -0.412068848158
0.000000000000 0.000000000000 0.000000000000 1.000000000000
246 246 0
-0.114707257362 -0.423181400127 -0.898754553644 0.009047110725
0.014207734892 0.903934943070 -0.427433923508 -0.077472596365
0.993297732494 -0.061799039501 -0.097675449009 -0.443692946417
0.000000000000 0.000000000000 0.000000000000 1.000000000000
247 247 0
-0.407208972862 -0.402466654476 -0.819878920607 0.002681114310
-0.025560590638 0.902346172633 -0.430253461277 -0.085727400519
0.912977277169 -0.154246480575 -0.377730743525 -0.499041747414
0.000000000000 0.000000000000 0.000000000000 1.000000000000
248 248 0
-0.649742761361 -0.341886877866 -0.678931297556 0.027161926143
-0.043980352275 0.908560842730 -0.415431009522 -0.091630370909
0.758880802677 -0.240063653645 -0.605367136147 -0.543363275644
0.000000000000 0.000000000000 0.000000000000 1.000000000000
249 249 0
-0.819508931554 -0.266443453668 -0.507358844508 0.046790742634
-0.048738239485 0.914538166865 -0.401552643322 -0.096285536022
0.570990100716 -0.304348200823 -0.762458180847 -0.561873192935
0.000000000000 0.000000000000 0.000000000000 1.000000000000
250 250 0
-0.940610724878 -0.176603349966 -0.289935718780 0.072751726770
-0.054226549005 0.921233365065 -0.385212368018 -0.092303970732
0.335128252505 -0.346612671251 -0.876098573507 -0.597301133897
0.000000000000 0.000000000000 0.000000000000 1.000000000000
251 251 0
-0.987108547344 -0.088131716645 -0.133602081876 0.271447574864
-0.032684773366 0.928148604511 -0.370771996696 -0.069940266781
0.156679358406 -0.361625453287 -0.919063985903 -0.639158418561
0.000000000000 0.000000000000 0.000000000000 1.000000000000
252 252 0
-0.999403397637 -0.024727260407 -0.024112473629 0.419966116573
-0.014354949251 0.932385461429 -0.361180407480 -0.063563056181
0.031413121840 -0.360618793060 -0.932184156628 -0.806389666263
0.000000000000 0.000000000000 0.000000000000 1.000000000000
253 253 0
-0.999772149676 -0.019955357494 0.007578419368 0.607067436139
-0.021344376875 0.930291500948 -0.366199591534 -0.044350825315
0.000257504635 -0.366277909477 -0.930505468399 -1.041279987070
0.000000000000 0.000000000000 0.000000000000 1.000000000000
254 254 0
-0.999519727934 -0.018587272820 0.024795700424 0.677726105378
-0.026543676012 0.926439680698 -0.375506259989 -0.038350492956
-0.015992083483 -0.375984083861 -0.926488112147 -1.317386225052
0.000000000000 0.000000000000 0.000000000000 1.000000000000
255 255 0
-0.998532970706 0.006853493021 0.053711600677 0.792218649487
-0.014926835974 0.918679721472 -0.394721115376 -0.024382865581
-0.052048976759 -0.394943792190 -0.917229690442 -1.557654533431
0.000000000000 0.000000000000 0.000000000000 1.000000000000
256 256 0
-0.999894185791 0.012192148433 0.007935284306 0.790650491497
0.007862471697 0.911892002928 -0.410354915330 -0.032583020596
-0.012239230338 -0.410249103001 -0.911891372219 -1.833789976730
0.000000000000 0.000000000000 0.000000000000 1.000000000000
257 257 0
-0.979174119320 -0.085329363982 -0.184219824383 0.914636780753
0.008840941148 0.888605199440 -0.458587654966 -0.020000704210
0.202829686715 -0.450665839808 -0.869344821700 -2.064676437632
0.000000000000 0.000000000000 0.000000000000 1.000000000000
258 258 0
-0.877615092718 -0.216752133677 -0.427563166772 0.966971450795
0.020450816849 0.874193177456 -0.485147454471 -0.017579596675
0.478929549228 -0.434516744252 -0.762772368299 -2.297382459357
0.000000000000 0.000000000000 0.000000000000 1.000000000000
259 259 0
-0.665265381338 -0.348862856904 -0.660088387617 1.042586295354
0.036917264876 0.867665393265 -0.495776039037 -0.004799087099
0.745693695795 -0.354191293516 -0.564348686230 -2.552138964882
0.000000000000 0.000000000000 0.000000000000 1.000000000000
260 260 0
-0.393791275950 -0.437366213729 -0.808479576782 1.033397915292
0.057367333450 0.866138673346 -0.496500541376 -0.003714565091
0.917407989958 -0.241897899167 -0.315987319904 -2.773899293054
0.000000000000 0.000000000000 0.000000000000 1.000000000000
261 261 0
-0.117843347901 -0.484519015010 -0.866806938971 1.009583539610
0.063652409924 0.867408432747 -0.493508846435 0.010050490180
0.990990068601 -0.113331085287 -0.071377510754 -3.010546523805
0.000000000000 0.000000000000 0.000000000000 1.000000000000
262 262 0
0.127023195058 -0.481101339309 -0.867413747431 0.907822162781
0.063790454638 0.876649313326 -0.476882332806 0.005426327847
0.989846395061 0.005242400272 0.142044469886 -3.170982551711
0.000000000000 0.000000000000 0.000000000000 1.000000000000
263 263 0
0.368447588426 -0.453584968564 -0.811484473589 0.945699639119
0.099215626233 0.887094158020 -0.450799527859 0.026334143658
0.924339025517 0.085584058678 0.371850419935 -3.387856629436
0.000000000000 0.000000000000 0.000000000000 1.000000000000
264 264 0
0.548795703139 -0.365393461588 -0.751871594386 1.068101397327
0.101742031919 0.921923244263 -0.373772779411 0.062013687646
0.829742029282 0.128627951536 0.543123388307 -3.536780095021
0.000000000000 0.000000000000 0.000000000000 1.000000000000
265 265 0
0.752845398806 -0.277676352890 -0.596757612890 0.943576764815
0.107174335674 0.946270175390 -0.305100666897 0.063236748192
0.649413171463 0.165736532526 0.742154926223 -3.721704040596
0.000000000000 0.000000000000 0.000000000000 1.000000000000
266 266 0
0.940870747485 -0.202020827891 -0.271937164848 0.756099041894
0.119900115669 0.949354529753 -0.290430609784 0.093984932495
0.316837811490 0.240652367400 0.917442226669 -3.752614216837
0.000000000000 0.000000000000 0.000000000000 1.000000000000
267 267 0
0.993230903970 -0.115761453596 -0.009573779838 0.647915668022
0.108313676799 0.952788464292 -0.283658755779 0.105389503569
0.041958536884 0.280701671126 0.958877496352 -3.961762751095
0.000000000000 0.000000000000 0.000000000000 1.000000000000
268 268 0
0.977039397597 -0.036548867463 0.209900442662 0.479838290864
0.095692823443 0.955495814945 -0.279053097393 0.084858881865
-0.190359919847 0.292731836175 0.937054519762 -4.137660390380
0.000000000000 0.000000000000 0.000000000000 1.000000000000
269 269 0
0.936318996739 0.018983946441 0.350637057543 0.275872972895
0.085677836638 0.956008374351 -0.280548207052 0.071639530737
-0.340537875506 0.292724440299 0.893502298485 -4.419409307620
0.000000000000 0.000000000000 0.000000000000 1.000000000000
270 270 0
0.916261001740 0.017250387588 0.400210195796 -0.034635785299
0.103651240145 0.954838159685 -0.278460965353 0.033850339272
-0.386939526422 0.296625206173 0.873092944626 -4.561854590044
0.000000000000 0.000000000000 0.000000000000 1.000000000000
271 271 0
0.894239907318 0.029704750406 0.446601182222 -0.334756940359
0.108559382278 0.953607485381 -0.280798191491 0.005130122878
-0.434223270540 0.299583697201 0.849529139991 -4.775243904596
0.000000000000 0.000000000000 0.000000000000 1.000000000000
272 272 0
0.842275982091 0.058149813742 0.535900894900 -0.511037412692
0.110757265011 0.954283540342 -0.277625202169 -0.031063364366
-0.527545257054 0.293191957246 0.797329591804 -4.870076450922
0.000000000000 0.000000000000 0.000000000000 1.000000000000
273 273 0
0.650073655825 0.133536581391 0.748045602509 -0.654519723735
0.105614286053 0.959003886767 -0.262977504262 -0.047228514122
-0.752495757187 0.249959049839 0.609319791915 -5.038394448360
0.000000000000 0.000000000000 0.000000000000 1.000000000000
274 274 0
0.437015604908 0.194484392471 0.878176054190 -0.923838350093
0.091528229376 0.961659714365 -0.258521134522 -0.073000034617
-0.894784859223 0.193355669305 0.402459489705 -5.160042908271
0.000000000000 0.000000000000 0.000000000000 1.000000000000
275 275 0
0.364941630109 0.214652543886 0.905948062538 -1.164424601182
0.073267183766 0.963420633855 -0.257784022090 -0.093569370277
-0.928143052765 0.160452384418 0.335865309221 -5.312540888763
0.000000000000 0.000000000000 0.000000000000 1.000000000000
276 276 0
0.316670833764 0.229039331594 0.920467580975 -1.375407230100
0.058727595329 0.963813200377 -0.260029198986 -0.131050975223
-0.946715718994 0.136400510854 0.291760600576 -5.504659974916
0.000000000000 0.000000000000 0.000000000000 1.000000000000
277 277 0
0.485182203546 0.199255328010 0.851407977190 -1.438292724927
0.067618893900 0.962225423251 -0.263723188282 -0.137626555236
-0.871794651595 0.185525063292 0.453381226277 -5.611676254602
0.000000000000 0.000000000000 0.000000000000 1.000000000000
278 278 0
0.740255084928 0.121605155796 0.661237170252 -1.563572003074
0.083453685815 0.959280974483 -0.269843462622 -0.146390077316
-0.667126593356 0.254935674395 0.699964220770 -5.598832054063
0.000000000000 0.000000000000 0.000000000000 1.000000000000
279 279 0
0.827476043792 0.082722340303 0.555374118379 -1.700987448936
0.082825059663 0.960286757430 -0.266438272394 -0.142156260141
-0.555358808738 0.266470182045 0.787762804173 -5.448037716388
0.000000000000 0.000000000000 0.000000000000 1.000000000000
280 280 0
0.839517454709 0.073116922218 0.538390526407 -1.851174944309
0.084923124563 0.961067274073 -0.262940597132 -0.130724112794
-0.536654922789 0.266465026581 0.800623434241 -5.223488487875
0.000000000000 0.000000000000 0.000000000000 1.000000000000
281 281 0
0.816185880025 0.086325071672 0.571304289542 -1.930439359793
0.078063553819 0.963234488616 -0.257070810297 -0.126073415415
-0.572491651304 0.254415608685 0.779439546883 -4.906844920995
0.000000000000 0.000000000000 0.000000000000 1.000000000000
282 282 0
0.798783790724 0.091040133825 0.594689960996 -1.975169342363
0.077248951149 0.964780779853 -0.251457046774 -0.130204615755
-0.596638127530 0.246798988772 0.763618493698 -4.616928383199
0.000000000000 0.000000000000 0.000000000000 1.000000000000
283 283 0
0.846341160369 0.071948044164 0.527759527821 -1.878892411585
0.073005332911 0.965814531968 -0.248741856562 -0.123767347852
-0.527614311435 0.249049731541 0.812156000771 -4.317219822709
0.000000000000 0.000000000000 0.000000000000 1.000000000000
284 284 0
0.898007331935 0.047118577515 0.437450193100 -1.864028733746
0.072268238529 0.964949172864 -0.252290300030 -0.099684658928
-0.434004762060 0.258172294103 0.863126255577 -3.989676487062
0.000000000000 0.000000000000 0.000000000000 1.000000000000
285 285 0
0.942622792202 0.020669228290 0.333219229071 -1.822028144138
0.070113958233 0.963567979356 -0.258110019220 -0.101392944761
-0.326414314149 0.266663706122 0.906831937768 -3.688163379060
0.000000000000 0.000000000000 0.000000000000 1.000000000000
286 286 0
0.982803674981 -0.018817876204 0.183692199014 -1.940984462397
0.068071627912 0.961652864133 -0.265687828810 -0.112568094628
-0.171648448630 0.273623201574 0.946396932393 -3.374060269792
0.000000000000 0.000000000000 0.000000000000 1.000000000000
287 287 0
0.994809898361 -0.051421766967 0.087801298426 -2.015601565025
0.073491190087 0.959913896661 -0.270489105098 -0.113501217001
-0.070372658774 0.275537861062 0.958710892823 -3.055510676260
0.000000000000 0.000000000000 0.000000000000 1.000000000000
288 288 0
0.996610889737 -0.079662989132 0.020507135812 -2.086404120154
0.082230411052 0.958091794483 -0.274405307605 -0.126789836335
0.002212228488 0.275161627969 0.961395436092 -2.770584405981
0.000000000000 0.000000000000 0.000000000000 1.000000000000
289 289 0
0.995737002338 -0.089124575797 0.023761989901 -2.154704467800
0.092212570906 0.955832676546 -0.279071202769 -0.138937997522
0.002159616157 0.280072677062 0.959976370345 -2.446421054744
0.000000000000 0.000000000000 0.000000000000 1.000000000000
290 290 0
0.995697441804 -0.092660493496 0.000798329946 -2.271893521671
0.089005054020 0.953949330949 -0.286459027334 -0.145017133702
0.025781868521 0.285297576098 0.958092160665 -2.104475627876
0.000000000000 0.000000000000 0.000000000000 1.000000000000
291 291 0
0.995828828244 -0.087385106576 0.026244770647 -2.331100502456
0.091239962870 0.952272475564 -0.291294355350 -0.152963549649
0.000462615573 0.292473888462 0.956273397390 -1.751436521128
0.000000000000 0.000000000000 0.000000000000 1.000000000000
292 292 0
0.996190620970 -0.084427345596 0.021823611235 -2.451736333297
0.087094641189 0.950864541579 -0.297104606230 -0.165847643572
0.004332455176 0.297873541763 0.954595507505 -1.438989803931
0.000000000000 0.000000000000 0.000000000000 1.000000000000
293 293 0
0.996460113629 -0.080699864085 0.023553638411 -2.540897429253
0.084045972467 0.950062418947 -0.300528991309 -0.181520774048
0.001875222069 0.301444741274 0.953481804494 -1.082718573362
0.000000000000 0.000000000000 0.000000000000 1.000000000000
294 294 0
0.996528013689 -0.079073023467 0.026064820987 -2.709436809703
0.083253126566 0.949814410119 -0.301531927408 -0.193531841693
-0.000913701398 0.302654990524 0.953099743920 -0.761202491811
0.000000000000 0.000000000000 0.000000000000 1.000000000000
295 295 0
0.995162448657 -0.070736713259 0.068176375527 -2.807509024162
0.087939461070 0.950766415350 -0.297169774085 -0.199951181580
-0.043798995073 0.301727593767 0.952387582442 -0.396040378790
0.000000000000 0.000000000000 0.000000000000 1.000000000000
296 296 0
0.991850406602 -0.057989213355 0.113446119621 -2.969748219377
0.089207775307 0.951816954473 -0.293404938611 -0.212942067620
-0.090965618490 0.301134083610 0.949233122021 -0.075211311856
0.000000000000 0.000000000000 0.000000000000 1.000000000000
297 297 0
0.985725959826 -0.043757462971 0.162571881210 -3.049788523724
0.090037010721 0.952955733548 -0.289428240844 -0.214333056864
-0.142259160781 0.299934416718 0.943292996286 0.295352416224
0.000000000000 0.000000000000 0.000000000000 1.000000000000
298 298 0
0.976717575678 -0.027998803603 0.212694250883 -3.188816101324
0.089238007301 0.954625048391 -0.284126019643 -0.225815294354
-0.195088070919 0.296491288205 0.934897620386 0.623967767911
0.000000000000 0.000000000000 0.000000000000 1.000000000000
299 299 0
0.964220507054 -0.012173043662 0.264821885017 -3.243320499416
0.088709957885 0.956172632768 -0.279042003499 -0.238932543637
-0.249818648519 0.292550360370 0.923041130990 0.961848468627
0.000000000000 0.000000000000 0.000000000000 1.000000000000
300 300 0
0.942988510673 0.003956130613 0.332801769481 -3.351304792784
0.092571047975 0.957355941590 -0.273679013041 -0.252360594085
-0.319692461306 0.288883973479 0.902409430387 1.243877501994
0.000000000000 0.000000000000 0.000000000000 1.000000000000
301 301 0
0.914151693366 0.024527032110 0.404629591369 -3.303233088043
0.093224405959 0.958694238031 -0.268727683912 -0.247482947314
-0.394507150314 0.283379220591 0.874105443118 1.575417088687
0.000000000000 0.000000000000 0.000000000000 1.000000000000
302 302 0
0.844699161829 0.054847775438 0.532423748095 -3.319748707661
0.101246277162 0.960403626786 -0.259565146000 -0.253658337034
-0.525578269496 0.273160383633 0.805699005489 1.874792751446
0.000000000000 0.000000000000 0.000000000000 1.000000000000
303 303 0
0.740513602874 0.093501444190 0.665505134385 -3.227233567771
0.102428679767 0.963001448524 -0.249272091701 -0.250443198068
-0.664189708983 0.252756187015 0.703538442735 2.162987654264
0.000000000000 0.000000000000 0.000000000000 1.000000000000
304 304 0
0.556722804978 0.137554110171 0.819230483559 -3.151616908083
0.104487456370 0.966766877762 -0.233332757075 -0.242075136617
-0.824100776531 0.215500976420 0.523848488862 2.444929538969
0.000000000000 0.000000000000 0.000000000000 1.000000000000
305 305 0
0.337497063676 0.177119589938 0.924513051758 -2.981726697821
0.091329882176 0.971343676996 -0.219431797564 -0.225857641607
-0.936885577129 0.158493255442 0.311649327526 2.644904536302
0.000000000000 0.000000000000 0.000000000000 1.000000000000
306 306 0
0.131460571809 0.197610671289 0.971425828693 -2.760240341893
0.069773861255 0.975655485449 -0.207913400240 -0.207938700904
-0.988862845063 0.095112545473 0.114472168444 2.815731771705
0.000000000000 0.000000000000 0.000000000000 1.000000000000
307 307 0
0.005492326626 0.199833117170 0.979814553694 -2.482891714491
0.042243920525 0.978908272806 -0.199885078507 -0.186938258486
-0.999092230741 0.042489042274 -0.003065250348 2.898698510034
0.000000000000 0.000000000000 0.000000000000 1.000000000000
308 308 0
-0.115912147582 0.199628621273 0.972991668829 -2.199201713999
0.026669578910 0.979866993733 -0.197862093778 -0.167128897788
-0.992901358446 0.003014657876 -0.118902498856 3.003288888094
0.000000000000 0.000000000000 0.000000000000 1.000000000000
309 309 0
-0.249260583598 0.195252203314 0.948549281042 -1.886716166319
0.015379581613 0.980139232067 -0.197713313241 -0.135588961592
-0.968314323933 -0.034693844761 -0.247312974188 3.006432314369
0.000000000000 0.000000000000 0.000000000000 1.000000000000
310 310 0
-0.444132004929 0.183902261037 0.876884667777 -1.603190115609
0.010205189075 0.979682984013 -0.200292548415 -0.117316652036
-0.895903240486 -0.080007557268 -0.436985325230 3.027566789429
0.000000000000 0.000000000000 0.000000000000 1.000000000000
311 311 0
-0.627249800474 0.160192609329 0.762165346707 -1.328603913207
-0.003112765334 0.978094403596 -0.208138531622 -0.092295348558
-0.778811914712 -0.132927294301 -0.613010877500 2.969853640607
0.000000000000 0.000000000000 0.000000000000 1.000000000000
312 312 0
-0.814188471733 0.119434121515 0.568183617429 -1.083067970862
-0.011582146417 0.975077625125 -0.221561456182 -0.072291914878
-0.580485130198 -0.186973569252 -0.792513657939 3.033979041167
0.000000000000 0.000000000000 0.000000000000 1.000000000000
313 313 0
-0.973962159014 0.045145607883 0.222170175534 -0.845705382443
-0.011731176607 0.968623713379 -0.248254871805 -0.054013816840
-0.226406917525 -0.244397168495 -0.942873232056 3.003022469336
0.000000000000 0.000000000000 0.000000000000 1.000000000000
314 314 0
-0.988164926378 -0.058859071395 -0.141653407972 -0.653424125948
-0.017098918966 0.959964740302 -0.279598505624 -0.029541911560
0.152439185401 -0.273867316581 -0.949609913419 3.119035146241
0.000000000000 0.000000000000 0.000000000000 1.000000000000
315 315 0
-0.909625137965 -0.156006787774 -0.385024662263 -0.451136641339
-0.035802846528 0.952800886711 -0.301477406224 -0.025725816359
0.413884361341 -0.260446448337 -0.872277125107 3.152999432075
0.000000000000 0.000000000000 0.000000000000 1.000000000000
316 316 0
-0.835497537930 -0.221137720823 -0.503032774820 -0.188162938511
-0.058114870139 0.945873360285 -0.319290225612 -0.023076221931
0.546412413825 -0.237532512999 -0.803126253640 3.281828811178
0.000000000000 0.000000000000 0.000000000000 1.000000000000
317 317 0
-0.808787205529 -0.226967636117 -0.542539351870 0.104141637301
-0.042656090590 0.942736953884 -0.330798267403 -0.012036164378
0.586552396728 -0.244402798544 -0.772155138529 3.288791691633
0.000000000000 0.000000000000 0.000000000000 1.000000000000
318 318 0
-0.787155593679 -0.252248562677 -0.562811455078 0.393810171084
-0.044434611182 0.933360463334 -0.356179464335 -0.010872713700
0.615151718415 -0.255360349529 -0.745908476436 3.438441682397
0.000000000000 0.000000000000 0.000000000000 1.000000000000
319 319 0
-0.849537441420 -0.239645511178 -0.469953364280 0.664191598650
-0.057978338015 0.927877850462 -0.368349300179 0.012965165993
0.524332573799 -0.285679407017 -0.802161223483 3.488768346923
0.000000000000 0.000000000000 0.000000000000 1.000000000000
320 320 0
-0.915533755235 -0.209348836324 -0.343469078309 0.931831271013
-0.069722135788 0.923556092170 -0.377071569330 0.036703350061
0.396152453994 -0.321274352145 -0.860143025228 3.576845691982
0.000000000000 0.000000000000 0.000000000000 1.000000000000
321 321 0
-0.969239338631 -0.155257930416 -0.190971410145 1.181132571104
-0.078631592360 0.930600923785 -0.357489850671 0.075750562310
0.233221305058 -0.331476840357 -0.914183202194 3.555087591936
0.000000000000 0.000000000000 0.000000000000 1.000000000000
322 322 0
-0.991201508243 -0.112925689772 -0.069046061773 1.471209389952
-0.082704953747 0.935677199971 -0.343027794909 0.108783728871
0.103341476100 -0.334299216338 -0.936784165789 3.471572331560
0.000000000000 0.000000000000 0.000000000000 1.000000000000
323 323 0
-0.997049335553 -0.075303525901 0.014899713399 1.702450241225
-0.075996641320 0.940951564773 -0.329900990087 0.143049996504
0.010822799114 -0.330059891140 -0.943897947492 3.359597053473
0.000000000000 0.000000000000 0.000000000000 1.000000000000
324 324 0
-0.995773093269 -0.037170140939 0.083990043125 1.942327254003
-0.062362438261 0.944969646618 -0.321159295779 0.174037796690
-0.067430505083 -0.325039609269 -0.943293368677 3.122223505526
0.000000000000 0.000000000000 0.000000000000 1.000000000000
325 325 0
-0.996738943404 -0.069938386967 0.040250474896 2.102428204220
-0.079210216985 0.943212039591 -0.322609345643 0.200531104732
-0.015401955266 -0.324745547159 -0.945676006555 2.810335467352
0.000000000000 0.000000000000 0.000000000000 1.000000000000
326 326 0
-0.995986820095 -0.089433031586 -0.003462233239 2.260240520806
-0.083492469710 0.942371137029 -0.323984023675 0.226178791266
0.032237582097 -0.322394747098 -0.946056216799 2.503743984308
0.000000000000 0.000000000000 0.000000000000 1.000000000000
327 327 0
-0.993588091091 -0.102695928509 -0.047289021018 2.357676509955
-0.081765503733 0.941558010067 -0.326776553745 0.233456163782
0.078083978130 -0.320814681624 -0.943917810201 2.175653014012
0.000000000000 0.000000000000 0.000000000000 1.000000000000
328 328 0
-0.990121746475 -0.113825230784 -0.081870287617 2.483933587277
-0.080580124569 0.939798167058 -0.332093734838 0.252181870427
0.114742192248 -0.322216110756 -0.939686653777 1.847633063334
0.000000000000 0.000000000000 0.000000000000 1.000000000000
329 329 0
-0.987543336966 -0.121902875394 -0.099487921803 2.559836461319
-0.082281856374 0.939029920334 -0.333845031160 0.248889986790
0.134118804519 -0.321500385208 -0.937363135922 1.492387006740
0.000000000000 0.000000000000 0.000000000000 1.000000000000
330 330 0
-0.984311779777 -0.128084241827 -0.121345569298 2.686037516219
-0.080577217660 0.938172799097 -0.336658745659 0.270924092158
0.156963792598 -0.321599480767 -0.933775209450 1.172120118426
0.000000000000 0.000000000000 0.000000000000 1.000000000000
331 331 0
-0.975752020095 -0.141356486979 -0.167111755627 2.708487523355
-0.077447146341 0.937070651552 -0.340441674187 0.273742850880
0.204719160811 -0.319244322719 -0.925296237758 0.883111344671
0.000000000000 0.000000000000 0.000000000000 1.000000000000
332 332 0
-0.965471978006 -0.156658387937 -0.208139398421 2.802406395911
-0.077126758156 0.935052268368 -0.346018378987 0.284401753089
0.248827898079 -0.318017931743 -0.914849316679 0.638134602534
0.000000000000 0.000000000000 0.000000000000 1.000000000000
333 333 0
-0.952663020826 -0.172592514887 -0.250289817121 2.737667740136
-0.075879498512 0.932169349399 -0.353981081058 0.272063079302
0.294406980989 -0.318232820190 -0.901139501797 0.385446927984
0.000000000000 0.000000000000 0.000000000000 1.000000000000
334 334 0
-0.937834998887 -0.190082953557 -0.290403143286 2.756600122938
-0.074443987361 0.927391110119 -0.366611267718 0.279766889044
0.339003846009 -0.322202109924 -0.883890373718 0.090808094458
0.000000000000 0.000000000000 0.000000000000 1.000000000000
335 335 0
-0.926249916527 -0.205129956408 -0.316200558377 2.727141258023
-0.077164095424 0.924363448616 -0.373628046646 0.277589843930
0.368926543517 -0.321673616959 -0.872020234651 -0.127490961882
0.000000000000 0.000000000000 0.000000000000 1.000000000000
336 336 0
-0.965379914607 -0.174229523891 -0.194128033725 2.767509444161
-0.094029499815 0.926623471274 -0.364043123336 0.283915803829
0.243310652536 -0.333186157408 -0.910926402556 -0.154361965290
0.000000000000 0.000000000000 0.000000000000 1.000000000000
337 337 0
-0.995775736184 -0.081776405886 0.041752876155 2.783014857315
-0.091062318688 0.937809695511 -0.334993476237 0.303649099288
-0.011761689592 -0.337380489131 -0.941294889082 -0.154623330148
0.000000000000 0.000000000000 0.000000000000 1.000000000000
338 338 0
-0.991852545480 -0.057001933904 0.113926763999 2.789220790043
-0.091136294247 0.942364699667 -0.321936249424 0.338528580656
-0.089009571929 -0.329696151560 -0.939881771156 -0.162413314979
0.000000000000 0.000000000000 0.000000000000 1.000000000000
339 339 0
-0.987887054809 -0.040554986564 0.149781374026 2.791542836750
-0.080219796571 0.959727791230 -0.269234750689 0.367823314258
-0.132830535564 -0.277988956265 -0.951355973869 -0.186787928860
0.000000000000 0.000000000000 0.000000000000 1.000000000000
340 340 0
-0.994970617124 -0.067876901699 0.073662726505 2.966936204359
-0.082774403399 0.971287406270 -0.223045225376 0.392724237780
-0.056408059728 -0.228020833778 -0.972020900064 -0.327641378899
0.000000000000 0.000000000000 0.000000000000 1.000000000000
341 341 0
-0.956006816585 -0.156768368751 -0.247940809878 3.128586683651
-0.092100009347 0.962888666098 -0.253698649936 0.392030654462
0.278511319199 -0.219702287790 -0.934966496629 -0.573448013442
0.000000000000 0.000000000000 0.000000000000 1.000000000000
342 342 0
-0.843800417930 -0.207235844973 -0.495029452921 3.330669226008
-0.078993236259 0.960346345435 -0.267385424873 0.417266200697
0.530811570453 -0.186515954726 -0.826710877699 -0.820341488997
0.000000000000 0.000000000000 0.000000000000 1.000000000000
343 343 0
-0.705094124615 -0.238422200393 -0.667830165382 3.449668226132
-0.062724011596 0.959059799049 -0.276170237748 0.420648614589
0.706334179976 -0.152837024993 -0.691182226326 -1.104760697187
0.000000000000 0.000000000000 0.000000000000 1.000000000000
344 344 0
-0.480487925258 -0.269348497821 -0.834615324807 3.540669154191
-0.035376551753 0.956847479837 -0.288429193939 0.433652940002
0.876287540290 -0.109060932747 -0.469282281448 -1.358610829691
0.000000000000 0.000000000000 0.000000000000 1.000000000000
345 345 0
-0.219357325963 -0.286005788830 -0.932782424954 3.463234858448
-0.008007136196 0.956563393110 -0.291414414075 0.419167295194
0.975611730821 -0.056454970701 -0.212119275331 -1.609714698419
0.000000000000 0.000000000000 0.000000000000 1.000000000000
346 346 0
0.122041416467 -0.289421426314 -0.949389872843 3.384754523868
0.033268504969 0.957195357427 -0.287524354267 0.424034901183
0.991967287386 0.003505097761 0.126446095415 -1.842918025453
0.000000000000 0.000000000000 0.000000000000 1.000000000000
347 347 0
0.398494517812 -0.269064573423 -0.876816043764 3.194200141097
0.055145143803 0.961300231623 -0.269927541754 0.399550834417
0.915511404838 0.059212498773 0.397910476867 -2.006219471038
0.000000000000 0.000000000000 0.000000000000 1.000000000000
348 348 0
0.615263957616 -0.234590995895 -0.752607020366 2.993644109742
0.070801071629 0.967281679620 -0.243625451314 0.389135623957
0.785135320002 0.096608575794 0.611742848236 -2.147500470285
0.000000000000 0.000000000000 0.000000000000 1.000000000000
349 349 0
0.779838201583 -0.194799009484 -0.594899760679 2.765190929895
0.078026628124 0.973185178924 -0.216384964419 0.359807644961
0.621099206774 0.122327239104 0.774126489611 -2.236441651662
0.000000000000 0.000000000000 0.000000000000 1.000000000000
350 350 0
0.894665253330 -0.153950296749 -0.419372615480 2.514909663162
0.082005592229 0.979389401965 -0.184584620601 0.345841008617
0.439145952192 0.130750546654 0.888850452676 -2.367774444001
0.000000000000 0.000000000000 0.000000000000 1.000000000000
351 351 0
0.955294327167 -0.116657233715 -0.271668618549 2.247537469136
0.076323928339 0.985025449902 -0.154594699157 0.312686570145
0.285635093161 0.126948622940 0.949892962753 -2.412291816803
0.000000000000 0.000000000000 0.000000000000 1.000000000000
352 352 0
0.991342363628 -0.088871224320 -0.096655178676 1.948792185380
0.075327038513 0.987878072659 -0.135730434424 0.292212763114
0.107546061508 0.127274581312 0.986019789663 -2.493356864677
0.000000000000 0.000000000000 0.000000000000 1.000000000000
353 353 0
0.992685750150 -0.062526391406 0.103273674410 1.698450924988
0.074121527685 0.990877723290 -0.112549263085 0.269346687803
-0.095294284099 0.119380852171 0.988264747703 -2.559125869035
0.000000000000 0.000000000000 0.000000000000 1.000000000000
354 354 0
0.946897882349 -0.039432306650 0.319107338672 1.407499471723
0.070346347528 0.993814169299 -0.085934790917 0.255336541215
-0.313744787672 0.103819507284 0.943814451106 -2.746173317920
0.000000000000 0.000000000000 0.000000000000 1.000000000000
355 355 0
0.920359294188 -0.025939072787 0.390212678042 1.110212055808
0.055379020429 0.996387443890 -0.064383427648 0.220571762917
-0.387132966431 0.080865481896 0.918470925038 -2.848464325666
0.000000000000 0.000000000000 0.000000000000 1.000000000000
356 356 0
0.894876035971 -0.017592667271 0.445967911742 0.866228126968
0.043001487172 0.997972723787 -0.046918170019 0.194982570158
-0.444238395849 0.061163229438 0.893818385925 -2.993243393221
0.000000000000 0.000000000000 0.000000000000 1.000000000000
357 357 0
0.872813619219 -0.011486955414 0.487918472659 0.615021758214
0.032164053066 0.998903463986 -0.034019749080 0.160875494444
-0.486992669141 0.045386335966 0.872226014695 -3.051290068706
0.000000000000 0.000000000000 0.000000000000 1.000000000000
358 358 0
0.857704114010 -0.007965968245 0.514081896355 0.371143241480
0.022303339852 0.999515211928 -0.021723309045 0.141702436281
-0.513659628394 0.030097914784 0.857465976983 -3.159717576818
0.000000000000 0.000000000000 0.000000000000 1.000000000000
359 359 0
0.898379201346 -0.004984007832 0.439192406873 0.115885440425
0.011714799830 0.999851782931 -0.012616482688 0.121072945809
-0.439064430413 0.016479436775 0.898304432867 -3.117914409718
0.000000000000 0.000000000000 0.000000000000 1.000000000000
360 360 0
0.930629380099 -0.002538836189 0.365954247423 -0.102155206549
0.006111953402 0.999944291985 -0.008605634918 0.105218219815
-0.365912012541 0.010245351996 0.930593053832 -3.194679903254
0.000000000000 0.000000000000 0.000000000000 1.000000000000
361 361 0
0.955681601362 0.000452473024 0.294401888727 -0.336629953726
-0.000035659987 0.999998989512 -0.001421162665 0.086847654942
-0.294402234275 0.001347680644 0.955680651793 -3.181327147118
0.000000000000 0.000000000000 0.000000000000 1.000000000000
362 362 0
0.974235290739 0.002887129848 0.225515548821 -0.586260884296
-0.003488705442 0.999991340045 0.002269090170 0.061856074423
-0.225507044709 -0.002997385044 0.974236926250 -3.186475576909
0.000000000000 0.000000000000 0.000000000000 1.000000000000
363 363 0
0.986272447815 0.003594846643 0.165087055094 -0.825175700738
-0.004400516232 0.999980125885 0.004514785953 0.037787490158
-0.165067544171 -0.005179277259 0.986268665703 -3.209916004668
0.000000000000 0.000000000000 0.000000000000 1.000000000000
364 364 0
0.999439607611 -0.001699335069 0.033430270697 -0.961537841640
0.001687601048 0.999998504099 0.000379213156 0.018268636627
-0.033430865099 -0.000322583688 0.999440980348 -3.248843681163
0.000000000000 0.000000000000 0.000000000000 1.000000000000
365 365 0
0.995217901297 -0.010717138523 -0.097090019468 -1.021084094663
0.010357319822 0.999937502011 -0.004209275360 0.029732699024
0.097129062924 0.003183553806 0.995266703010 -3.311133767937
0.000000000000 0.000000000000 0.000000000000 1.000000000000
366 366 0
0.980048455152 -0.019931113357 -0.197756861510 -1.046141886642
0.019026461832 0.999798021604 -0.006473773740 0.039219367013
0.197845948414 0.002581998575 0.980229725105 -3.317796409615
0.000000000000 0.000000000000 0.000000000000 1.000000000000
367 367 0
0.948811341894 -0.025605801137 -0.314803717325 -1.091053282181
0.023812570706 0.999670905337 -0.009541619345 0.042714750023
0.314944437909 0.001556910877 0.949108833095 -3.342118497764
0.000000000000 0.000000000000 0.000000000000 1.000000000000
368 368 0
0.891706673024 -0.028893607236 -0.451690567474 -1.112818297179
0.026342496834 0.999581705321 -0.011936802251 0.046652586172
0.451846524989 -0.001254531122 0.892094806625 -3.363060299137
0.000000000000 0.000000000000 0.000000000000 1.000000000000
369 369 0
0.852520986875 -0.030605361955 -0.521796204239 -1.122788639054
0.027311901781 0.999528870016 -0.014003500470 0.050529739964
0.521978952602 -0.002312968640 0.852955229316 -3.366438848120
0.000000000000 0.000000000000 0.000000000000 1.000000000000
370 370 0
0.823410391566 -0.029556667613 -0.566676036604 -1.130549998218
0.027395478713 0.999548660418 -0.012327335574 0.051217791718
0.566784628239 -0.005373905086 0.823848472922 -3.374193406422
0.000000000000 0.000000000000 0.000000000000 1.000000000000
